<?xml version="1.0" encoding="UTF-8"?>
<testsuite xmlns:xsi="http://www.w3.org/2001/XMLSchema-instance" xsi:noNamespaceSchemaLocation="https://maven.apache.org/surefire/maven-surefire-plugin/xsd/surefire-test-report.xsd" version="3.0.2" name="com.example.demo.DemoApplicationTests" time="39.362" tests="1" errors="0" skipped="0" failures="0">
  <properties>
[...]
</properties>
  <testcase name="contextLoads" classname="com.example.demo.DemoApplicationTests" time="0.393">
    <system-out><![CDATA[20:17:53.366 [main] INFO org.springframework.test.context.support.AnnotationConfigContextLoaderUtils -- Could not detect default configuration classes for test class [com.example.demo.DemoApplicationTests]: DemoApplicationTests does not declare any static, non-private, non-final, nested classes annotated with @Configuration.
20:17:53.507 [main] INFO org.springframework.boot.test.context.SpringBootTestContextBootstrapper -- Found @SpringBootConfiguration com.example.demo.DemoApplication for test class com.example.demo.DemoApplicationTests
20:17:53.735 [main] INFO org.springframework.boot.devtools.restart.RestartApplicationListener -- Restart disabled due to context in which it is running

  .   ____          _            __ _ _
 /\\ / ___'_ __ _ _(_)_ __  __ _ \ \ \ \
( ( )\___ | '_ | '_| | '_ \/ _` | \ \ \ \
 \\/  ___)| |_)| | | | | || (_| |  ) ) ) )
  '  |____| .__|_| |_|_| |_\__, | / / / /
 =========|_|==============|___/=/_/_/_/

 :: Spring Boot ::                (v3.4.4)

2025-06-10T20:17:54.035+07:00  INFO 11148 --- [           main] com.example.demo.DemoApplicationTests    : Starting DemoApplicationTests using Java 17.0.12 with PID 11148 (started by Khoa in C:\Users\Khoa\Desktop\Java\DoAnJava)
2025-06-10T20:17:54.037+07:00  INFO 11148 --- [           main] com.example.demo.DemoApplicationTests    : No active profile set, falling back to 1 default profile: "default"
2025-06-10T20:17:54.037+07:00 DEBUG 11148 --- [           main] o.s.boot.SpringApplication               : Loading source class com.example.demo.DemoApplication
2025-06-10T20:17:54.068+07:00 DEBUG 11148 --- [           main] o.s.w.c.s.GenericWebApplicationContext   : Refreshing org.springframework.web.context.support.GenericWebApplicationContext@130a0f66
2025-06-10T20:17:54.089+07:00 DEBUG 11148 --- [           main] o.s.b.f.s.DefaultListableBeanFactory     : Creating shared instance of singleton bean 'org.springframework.context.annotation.internalConfigurationAnnotationProcessor'
2025-06-10T20:17:54.104+07:00 DEBUG 11148 --- [           main] o.s.b.f.s.DefaultListableBeanFactory     : Creating shared instance of singleton bean 'org.springframework.boot.autoconfigure.internalCachingMetadataReaderFactory'
2025-06-10T20:17:54.148+07:00 DEBUG 11148 --- [           main] o.s.c.a.ClassPathBeanDefinitionScanner   : Identified candidate component class: file [C:\Users\Khoa\Desktop\Java\DoAnJava\target\classes\com\example\demo\controller\AccountController.class]
2025-06-10T20:17:54.151+07:00 DEBUG 11148 --- [           main] o.s.c.a.ClassPathBeanDefinitionScanner   : Identified candidate component class: file [C:\Users\Khoa\Desktop\Java\DoAnJava\target\classes\com\example\demo\controller\AuthController.class]
2025-06-10T20:17:54.156+07:00 DEBUG 11148 --- [           main] o.s.c.a.ClassPathBeanDefinitionScanner   : Identified candidate component class: file [C:\Users\Khoa\Desktop\Java\DoAnJava\target\classes\com\example\demo\controller\BaoHiemController.class]
2025-06-10T20:17:54.157+07:00 DEBUG 11148 --- [           main] o.s.c.a.ClassPathBeanDefinitionScanner   : Identified candidate component class: file [C:\Users\Khoa\Desktop\Java\DoAnJava\target\classes\com\example\demo\controller\BoPhanController.class]
2025-06-10T20:17:54.159+07:00 DEBUG 11148 --- [           main] o.s.c.a.ClassPathBeanDefinitionScanner   : Identified candidate component class: file [C:\Users\Khoa\Desktop\Java\DoAnJava\target\classes\com\example\demo\controller\ChamCongController.class]
2025-06-10T20:17:54.161+07:00 DEBUG 11148 --- [           main] o.s.c.a.ClassPathBeanDefinitionScanner   : Identified candidate component class: file [C:\Users\Khoa\Desktop\Java\DoAnJava\target\classes\com\example\demo\controller\ChucVuController.class]
2025-06-10T20:17:54.163+07:00 DEBUG 11148 --- [           main] o.s.c.a.ClassPathBeanDefinitionScanner   : Identified candidate component class: file [C:\Users\Khoa\Desktop\Java\DoAnJava\target\classes\com\example\demo\controller\DanhGiaController.class]
2025-06-10T20:17:54.164+07:00 DEBUG 11148 --- [           main] o.s.c.a.ClassPathBeanDefinitionScanner   : Identified candidate component class: file [C:\Users\Khoa\Desktop\Java\DoAnJava\target\classes\com\example\demo\controller\HopDongController.class]
2025-06-10T20:17:54.166+07:00 DEBUG 11148 --- [           main] o.s.c.a.ClassPathBeanDefinitionScanner   : Identified candidate component class: file [C:\Users\Khoa\Desktop\Java\DoAnJava\target\classes\com\example\demo\controller\LuongController.class]
2025-06-10T20:17:54.167+07:00 DEBUG 11148 --- [           main] o.s.c.a.ClassPathBeanDefinitionScanner   : Identified candidate component class: file [C:\Users\Khoa\Desktop\Java\DoAnJava\target\classes\com\example\demo\controller\NhanVienController.class]
2025-06-10T20:17:54.168+07:00 DEBUG 11148 --- [           main] o.s.c.a.ClassPathBeanDefinitionScanner   : Identified candidate component class: file [C:\Users\Khoa\Desktop\Java\DoAnJava\target\classes\com\example\demo\controller\PhongBanController.class]
2025-06-10T20:17:54.170+07:00 DEBUG 11148 --- [           main] o.s.c.a.ClassPathBeanDefinitionScanner   : Identified candidate component class: file [C:\Users\Khoa\Desktop\Java\DoAnJava\target\classes\com\example\demo\controller\TrinhDoController.class]
2025-06-10T20:17:54.171+07:00 DEBUG 11148 --- [           main] o.s.c.a.ClassPathBeanDefinitionScanner   : Identified candidate component class: file [C:\Users\Khoa\Desktop\Java\DoAnJava\target\classes\com\example\demo\controller\TuyenDungController.class]
2025-06-10T20:17:54.211+07:00 DEBUG 11148 --- [           main] o.s.c.a.ClassPathBeanDefinitionScanner   : Ignored because not a concrete top-level class: file [C:\Users\Khoa\Desktop\Java\DoAnJava\target\classes\com\example\demo\repository\BaoHiemRepository.class]
2025-06-10T20:17:54.213+07:00 DEBUG 11148 --- [           main] o.s.c.a.ClassPathBeanDefinitionScanner   : Ignored because not a concrete top-level class: file [C:\Users\Khoa\Desktop\Java\DoAnJava\target\classes\com\example\demo\repository\ChamCongRepository.class]
2025-06-10T20:17:54.215+07:00 DEBUG 11148 --- [           main] o.s.c.a.ClassPathBeanDefinitionScanner   : Ignored because not a concrete top-level class: file [C:\Users\Khoa\Desktop\Java\DoAnJava\target\classes\com\example\demo\repository\DanhGiaRepository.class]
2025-06-10T20:17:54.216+07:00 DEBUG 11148 --- [           main] o.s.c.a.ClassPathBeanDefinitionScanner   : Ignored because not a concrete top-level class: file [C:\Users\Khoa\Desktop\Java\DoAnJava\target\classes\com\example\demo\repository\HopDongRepository.class]
2025-06-10T20:17:54.217+07:00 DEBUG 11148 --- [           main] o.s.c.a.ClassPathBeanDefinitionScanner   : Ignored because not a concrete top-level class: file [C:\Users\Khoa\Desktop\Java\DoAnJava\target\classes\com\example\demo\repository\LoaiCongRepository.class]
2025-06-10T20:17:54.218+07:00 DEBUG 11148 --- [           main] o.s.c.a.ClassPathBeanDefinitionScanner   : Ignored because not a concrete top-level class: file [C:\Users\Khoa\Desktop\Java\DoAnJava\target\classes\com\example\demo\repository\LuongRepository.class]
2025-06-10T20:17:54.219+07:00 DEBUG 11148 --- [           main] o.s.c.a.ClassPathBeanDefinitionScanner   : Ignored because not a concrete top-level class: file [C:\Users\Khoa\Desktop\Java\DoAnJava\target\classes\com\example\demo\repository\NhanVienRepository.class]
2025-06-10T20:17:54.221+07:00 DEBUG 11148 --- [           main] o.s.c.a.ClassPathBeanDefinitionScanner   : Ignored because not a concrete top-level class: file [C:\Users\Khoa\Desktop\Java\DoAnJava\target\classes\com\example\demo\repository\PhongBanRepository.class]
2025-06-10T20:17:54.222+07:00 DEBUG 11148 --- [           main] o.s.c.a.ClassPathBeanDefinitionScanner   : Ignored because not a concrete top-level class: file [C:\Users\Khoa\Desktop\Java\DoAnJava\target\classes\com\example\demo\repository\RoleRepository.class]
2025-06-10T20:17:54.223+07:00 DEBUG 11148 --- [           main] o.s.c.a.ClassPathBeanDefinitionScanner   : Ignored because not a concrete top-level class: file [C:\Users\Khoa\Desktop\Java\DoAnJava\target\classes\com\example\demo\repository\TrinhDoRepository.class]
2025-06-10T20:17:54.224+07:00 DEBUG 11148 --- [           main] o.s.c.a.ClassPathBeanDefinitionScanner   : Ignored because not a concrete top-level class: file [C:\Users\Khoa\Desktop\Java\DoAnJava\target\classes\com\example\demo\repository\TuyenDungRepository.class]
2025-06-10T20:17:54.225+07:00 DEBUG 11148 --- [           main] o.s.c.a.ClassPathBeanDefinitionScanner   : Ignored because not a concrete top-level class: file [C:\Users\Khoa\Desktop\Java\DoAnJava\target\classes\com\example\demo\repository\UserRepository.class]
2025-06-10T20:17:54.226+07:00 DEBUG 11148 --- [           main] o.s.c.a.ClassPathBeanDefinitionScanner   : Identified candidate component class: file [C:\Users\Khoa\Desktop\Java\DoAnJava\target\classes\com\example\demo\security\JwtAuthFilter.class]
2025-06-10T20:17:54.232+07:00 DEBUG 11148 --- [           main] o.s.c.a.ClassPathBeanDefinitionScanner   : Identified candidate component class: file [C:\Users\Khoa\Desktop\Java\DoAnJava\target\classes\com\example\demo\security\SecurityConfig.class]
2025-06-10T20:17:54.245+07:00 DEBUG 11148 --- [           main] o.s.c.a.ClassPathBeanDefinitionScanner   : Identified candidate component class: file [C:\Users\Khoa\Desktop\Java\DoAnJava\target\classes\com\example\demo\security\SwaggerConfiguration.class]
2025-06-10T20:17:54.247+07:00 DEBUG 11148 --- [           main] o.s.c.a.ClassPathBeanDefinitionScanner   : Identified candidate component class: file [C:\Users\Khoa\Desktop\Java\DoAnJava\target\classes\com\example\demo\service\AuthService.class]
2025-06-10T20:17:54.248+07:00 DEBUG 11148 --- [           main] o.s.c.a.ClassPathBeanDefinitionScanner   : Identified candidate component class: file [C:\Users\Khoa\Desktop\Java\DoAnJava\target\classes\com\example\demo\service\BaoHiemService.class]
2025-06-10T20:17:54.249+07:00 DEBUG 11148 --- [           main] o.s.c.a.ClassPathBeanDefinitionScanner   : Identified candidate component class: file [C:\Users\Khoa\Desktop\Java\DoAnJava\target\classes\com\example\demo\service\BoPhanService.class]
2025-06-10T20:17:54.250+07:00 DEBUG 11148 --- [           main] o.s.c.a.ClassPathBeanDefinitionScanner   : Identified candidate component class: file [C:\Users\Khoa\Desktop\Java\DoAnJava\target\classes\com\example\demo\service\ChamCongService.class]
2025-06-10T20:17:54.251+07:00 DEBUG 11148 --- [           main] o.s.c.a.ClassPathBeanDefinitionScanner   : Identified candidate component class: file [C:\Users\Khoa\Desktop\Java\DoAnJava\target\classes\com\example\demo\service\ChucVuService.class]
2025-06-10T20:17:54.252+07:00 DEBUG 11148 --- [           main] o.s.c.a.ClassPathBeanDefinitionScanner   : Identified candidate component class: file [C:\Users\Khoa\Desktop\Java\DoAnJava\target\classes\com\example\demo\service\DanhGiaService.class]
2025-06-10T20:17:54.254+07:00 DEBUG 11148 --- [           main] o.s.c.a.ClassPathBeanDefinitionScanner   : Identified candidate component class: file [C:\Users\Khoa\Desktop\Java\DoAnJava\target\classes\com\example\demo\service\HopDongService.class]
2025-06-10T20:17:54.255+07:00 DEBUG 11148 --- [           main] o.s.c.a.ClassPathBeanDefinitionScanner   : Identified candidate component class: file [C:\Users\Khoa\Desktop\Java\DoAnJava\target\classes\com\example\demo\service\JwtService.class]
2025-06-10T20:17:54.256+07:00 DEBUG 11148 --- [           main] o.s.c.a.ClassPathBeanDefinitionScanner   : Identified candidate component class: file [C:\Users\Khoa\Desktop\Java\DoAnJava\target\classes\com\example\demo\service\LuongService.class]
2025-06-10T20:17:54.256+07:00 DEBUG 11148 --- [           main] o.s.c.a.ClassPathBeanDefinitionScanner   : Identified candidate component class: file [C:\Users\Khoa\Desktop\Java\DoAnJava\target\classes\com\example\demo\service\NhanVienService.class]
2025-06-10T20:17:54.257+07:00 DEBUG 11148 --- [           main] o.s.c.a.ClassPathBeanDefinitionScanner   : Identified candidate component class: file [C:\Users\Khoa\Desktop\Java\DoAnJava\target\classes\com\example\demo\service\PhongBanService.class]
2025-06-10T20:17:54.258+07:00 DEBUG 11148 --- [           main] o.s.c.a.ClassPathBeanDefinitionScanner   : Identified candidate component class: file [C:\Users\Khoa\Desktop\Java\DoAnJava\target\classes\com\example\demo\service\TrinhDoService.class]
2025-06-10T20:17:54.259+07:00 DEBUG 11148 --- [           main] o.s.c.a.ClassPathBeanDefinitionScanner   : Identified candidate component class: file [C:\Users\Khoa\Desktop\Java\DoAnJava\target\classes\com\example\demo\service\TuyenDungService.class]
2025-06-10T20:17:54.260+07:00 DEBUG 11148 --- [           main] o.s.c.a.ClassPathBeanDefinitionScanner   : Identified candidate component class: file [C:\Users\Khoa\Desktop\Java\DoAnJava\target\classes\com\example\demo\service\UserDetailsServiceImpl.class]
2025-06-10T20:17:55.304+07:00  INFO 11148 --- [           main] .s.d.r.c.RepositoryConfigurationDelegate : Bootstrapping Spring Data JPA repositories in DEFAULT mode.
2025-06-10T20:17:55.326+07:00 DEBUG 11148 --- [           main] o.s.b.f.s.DefaultListableBeanFactory     : Creating shared instance of singleton bean 'org.springframework.boot.autoconfigure.AutoConfigurationPackages'
2025-06-10T20:17:55.339+07:00 DEBUG 11148 --- [           main] o.s.b.a.AutoConfigurationPackages        : @EnableAutoConfiguration was declared on a class in the package 'com.example.demo'. Automatic @Repository and @Entity scanning is enabled.
2025-06-10T20:17:55.340+07:00 DEBUG 11148 --- [           main] .s.d.r.c.RepositoryConfigurationDelegate : Scanning for JPA repositories in packages com.example.demo.
2025-06-10T20:17:55.355+07:00 DEBUG 11148 --- [           main] o.s.d.r.c.RepositoryComponentProvider    : Identified candidate component class: file [C:\Users\Khoa\Desktop\Java\DoAnJava\target\classes\com\example\demo\repository\BaoHiemRepository.class]
2025-06-10T20:17:55.355+07:00 DEBUG 11148 --- [           main] o.s.d.r.c.RepositoryComponentProvider    : Identified candidate component class: file [C:\Users\Khoa\Desktop\Java\DoAnJava\target\classes\com\example\demo\repository\BoPhanRepository.class]
2025-06-10T20:17:55.355+07:00 DEBUG 11148 --- [           main] o.s.d.r.c.RepositoryComponentProvider    : Identified candidate component class: file [C:\Users\Khoa\Desktop\Java\DoAnJava\target\classes\com\example\demo\repository\ChamCongRepository.class]
2025-06-10T20:17:55.355+07:00 DEBUG 11148 --- [           main] o.s.d.r.c.RepositoryComponentProvider    : Identified candidate component class: file [C:\Users\Khoa\Desktop\Java\DoAnJava\target\classes\com\example\demo\repository\ChucVuRepository.class]
2025-06-10T20:17:55.356+07:00 DEBUG 11148 --- [           main] o.s.d.r.c.RepositoryComponentProvider    : Identified candidate component class: file [C:\Users\Khoa\Desktop\Java\DoAnJava\target\classes\com\example\demo\repository\DanhGiaRepository.class]
2025-06-10T20:17:55.356+07:00 DEBUG 11148 --- [           main] o.s.d.r.c.RepositoryComponentProvider    : Identified candidate component class: file [C:\Users\Khoa\Desktop\Java\DoAnJava\target\classes\com\example\demo\repository\HopDongRepository.class]
2025-06-10T20:17:55.356+07:00 DEBUG 11148 --- [           main] o.s.d.r.c.RepositoryComponentProvider    : Identified candidate component class: file [C:\Users\Khoa\Desktop\Java\DoAnJava\target\classes\com\example\demo\repository\LoaiCongRepository.class]
2025-06-10T20:17:55.356+07:00 DEBUG 11148 --- [           main] o.s.d.r.c.RepositoryComponentProvider    : Identified candidate component class: file [C:\Users\Khoa\Desktop\Java\DoAnJava\target\classes\com\example\demo\repository\LuongRepository.class]
2025-06-10T20:17:55.356+07:00 DEBUG 11148 --- [           main] o.s.d.r.c.RepositoryComponentProvider    : Identified candidate component class: file [C:\Users\Khoa\Desktop\Java\DoAnJava\target\classes\com\example\demo\repository\NhanVienRepository.class]
2025-06-10T20:17:55.356+07:00 DEBUG 11148 --- [           main] o.s.d.r.c.RepositoryComponentProvider    : Identified candidate component class: file [C:\Users\Khoa\Desktop\Java\DoAnJava\target\classes\com\example\demo\repository\PhongBanRepository.class]
2025-06-10T20:17:55.356+07:00 DEBUG 11148 --- [           main] o.s.d.r.c.RepositoryComponentProvider    : Identified candidate component class: file [C:\Users\Khoa\Desktop\Java\DoAnJava\target\classes\com\example\demo\repository\RoleRepository.class]
2025-06-10T20:17:55.356+07:00 DEBUG 11148 --- [           main] o.s.d.r.c.RepositoryComponentProvider    : Identified candidate component class: file [C:\Users\Khoa\Desktop\Java\DoAnJava\target\classes\com\example\demo\repository\TrinhDoRepository.class]
2025-06-10T20:17:55.356+07:00 DEBUG 11148 --- [           main] o.s.d.r.c.RepositoryComponentProvider    : Identified candidate component class: file [C:\Users\Khoa\Desktop\Java\DoAnJava\target\classes\com\example\demo\repository\TuyenDungRepository.class]
2025-06-10T20:17:55.356+07:00 DEBUG 11148 --- [           main] o.s.d.r.c.RepositoryComponentProvider    : Identified candidate component class: file [C:\Users\Khoa\Desktop\Java\DoAnJava\target\classes\com\example\demo\repository\UserRepository.class]
2025-06-10T20:17:55.423+07:00 DEBUG 11148 --- [           main] ssPathScanningCandidateComponentProvider : Identified candidate component class: file [C:\Users\Khoa\Desktop\Java\DoAnJava\target\classes\com\example\demo\service\UserDetailsServiceImpl.class]
2025-06-10T20:17:55.461+07:00  INFO 11148 --- [           main] .s.d.r.c.RepositoryConfigurationDelegate : Finished Spring Data repository scanning in 118 ms. Found 14 JPA repository interfaces.
2025-06-10T20:17:55.601+07:00 DEBUG 11148 --- [           main] o.s.b.f.s.DefaultListableBeanFactory     : Creating shared instance of singleton bean 'springSecurityHandlerMappingIntrospectorBeanDefinitionRegistryPostProcessor'
2025-06-10T20:17:55.732+07:00 DEBUG 11148 --- [           main] o.s.b.f.s.DefaultListableBeanFactory     : Creating shared instance of singleton bean 'propertySourcesPlaceholderConfigurer'
2025-06-10T20:17:55.744+07:00 DEBUG 11148 --- [           main] o.s.b.f.s.DefaultListableBeanFactory     : Creating shared instance of singleton bean 'org.springframework.boot.test.mock.mockito.MockitoPostProcessor'
2025-06-10T20:17:55.747+07:00 DEBUG 11148 --- [           main] o.s.b.f.s.DefaultListableBeanFactory     : Creating shared instance of singleton bean 'emBeanDefinitionRegistrarPostProcessor'
2025-06-10T20:17:55.747+07:00 DEBUG 11148 --- [           main] o.s.b.f.s.DefaultListableBeanFactory     : Creating shared instance of singleton bean 'org.springframework.boot.sql.init.dependency.DatabaseInitializationDependencyConfigurer$DependsOnDatabaseInitializationPostProcessor'
2025-06-10T20:17:55.868+07:00 DEBUG 11148 --- [           main] o.s.b.f.s.DefaultListableBeanFactory     : Creating shared instance of singleton bean 'org.springframework.context.event.internalEventListenerProcessor'
2025-06-10T20:17:55.870+07:00 DEBUG 11148 --- [           main] o.s.b.f.s.DefaultListableBeanFactory     : Creating shared instance of singleton bean 'preserveErrorControllerTargetClassPostProcessor'
2025-06-10T20:17:55.871+07:00 DEBUG 11148 --- [           main] o.s.b.f.s.DefaultListableBeanFactory     : Creating shared instance of singleton bean 'conversionServicePostProcessor'
2025-06-10T20:17:55.885+07:00 DEBUG 11148 --- [           main] o.s.b.f.s.DefaultListableBeanFactory     : Creating shared instance of singleton bean 'org.springframework.context.event.internalEventListenerFactory'
2025-06-10T20:17:55.885+07:00 DEBUG 11148 --- [           main] o.s.b.f.s.DefaultListableBeanFactory     : Creating shared instance of singleton bean 'org.springframework.transaction.config.internalTransactionalEventListenerFactory'
2025-06-10T20:17:55.890+07:00 DEBUG 11148 --- [           main] o.s.b.f.s.DefaultListableBeanFactory     : Creating shared instance of singleton bean 'org.springframework.boot.test.mock.mockito.MockitoPostProcessor$SpyPostProcessor'
2025-06-10T20:17:55.891+07:00 DEBUG 11148 --- [           main] o.s.b.f.s.DefaultListableBeanFactory     : Creating shared instance of singleton bean 'org.springframework.context.annotation.internalAutowiredAnnotationProcessor'
2025-06-10T20:17:55.892+07:00 DEBUG 11148 --- [           main] o.s.b.f.s.DefaultListableBeanFactory     : Creating shared instance of singleton bean 'org.springframework.context.annotation.internalCommonAnnotationProcessor'
2025-06-10T20:17:55.896+07:00 DEBUG 11148 --- [           main] o.s.b.f.s.DefaultListableBeanFactory     : Creating shared instance of singleton bean 'org.springframework.context.annotation.internalPersistenceAnnotationProcessor'
2025-06-10T20:17:55.896+07:00 DEBUG 11148 --- [           main] o.s.b.f.s.DefaultListableBeanFactory     : Creating shared instance of singleton bean 'org.springframework.boot.context.properties.ConfigurationPropertiesBindingPostProcessor'
2025-06-10T20:17:55.897+07:00 DEBUG 11148 --- [           main] o.s.b.f.s.DefaultListableBeanFactory     : Creating shared instance of singleton bean 'org.springframework.boot.context.internalConfigurationPropertiesBinder'
2025-06-10T20:17:55.899+07:00 DEBUG 11148 --- [           main] o.s.b.f.s.DefaultListableBeanFactory     : Creating shared instance of singleton bean 'jdbcConnectionDetailsHikariBeanPostProcessor'
2025-06-10T20:17:55.906+07:00 DEBUG 11148 --- [           main] o.s.b.f.s.DefaultListableBeanFactory     : Creating shared instance of singleton bean 'org.springframework.aop.config.internalAutoProxyCreator'
2025-06-10T20:17:55.934+07:00 DEBUG 11148 --- [           main] o.s.b.f.s.DefaultListableBeanFactory     : Creating shared instance of singleton bean 'persistenceExceptionTranslationPostProcessor'
2025-06-10T20:17:55.937+07:00 DEBUG 11148 --- [           main] o.s.b.f.s.DefaultListableBeanFactory     : Autowiring by type from bean name 'persistenceExceptionTranslationPostProcessor' via factory method to bean named 'environment'
2025-06-10T20:17:55.943+07:00 DEBUG 11148 --- [           main] o.s.b.f.s.DefaultListableBeanFactory     : Creating shared instance of singleton bean 'webServerFactoryCustomizerBeanPostProcessor'
2025-06-10T20:17:55.945+07:00 DEBUG 11148 --- [           main] o.s.b.f.s.DefaultListableBeanFactory     : Creating shared instance of singleton bean 'errorPageRegistrarBeanPostProcessor'
2025-06-10T20:17:55.946+07:00 DEBUG 11148 --- [           main] o.s.b.f.s.DefaultListableBeanFactory     : Creating shared instance of singleton bean 'projectingArgumentResolverBeanPostProcessor'
2025-06-10T20:17:55.948+07:00 DEBUG 11148 --- [           main] o.s.b.f.s.DefaultListableBeanFactory     : Creating shared instance of singleton bean 'preFilterAuthorizationAdvisor'
2025-06-10T20:17:55.948+07:00 DEBUG 11148 --- [           main] o.s.b.f.s.DefaultListableBeanFactory     : Creating shared instance of singleton bean 'preFilterAuthorizationMethodInterceptor'
2025-06-10T20:17:55.971+07:00 DEBUG 11148 --- [           main] o.s.b.f.s.DefaultListableBeanFactory     : Creating shared instance of singleton bean 'preAuthorizeAuthorizationAdvisor'
2025-06-10T20:17:55.972+07:00 DEBUG 11148 --- [           main] o.s.b.f.s.DefaultListableBeanFactory     : Creating shared instance of singleton bean 'preAuthorizeAuthorizationMethodInterceptor'
2025-06-10T20:17:55.973+07:00 DEBUG 11148 --- [           main] o.s.b.f.s.DefaultListableBeanFactory     : Creating shared instance of singleton bean 'postFilterAuthorizationAdvisor'
2025-06-10T20:17:55.973+07:00 DEBUG 11148 --- [           main] o.s.b.f.s.DefaultListableBeanFactory     : Creating shared instance of singleton bean 'postFilterAuthorizationMethodInterceptor'
2025-06-10T20:17:55.974+07:00 DEBUG 11148 --- [           main] o.s.b.f.s.DefaultListableBeanFactory     : Creating shared instance of singleton bean 'postAuthorizeAuthorizationAdvisor'
2025-06-10T20:17:55.974+07:00 DEBUG 11148 --- [           main] o.s.b.f.s.DefaultListableBeanFactory     : Creating shared instance of singleton bean 'postAuthorizeAuthorizationMethodInterceptor'
2025-06-10T20:17:55.974+07:00 DEBUG 11148 --- [           main] o.s.b.f.s.DefaultListableBeanFactory     : Creating shared instance of singleton bean 'authorizeReturnObjectAdvisor'
2025-06-10T20:17:55.974+07:00 DEBUG 11148 --- [           main] o.s.b.f.s.DefaultListableBeanFactory     : Creating shared instance of singleton bean 'authorizeReturnObjectMethodInterceptor'
2025-06-10T20:17:55.974+07:00 DEBUG 11148 --- [           main] o.s.b.f.s.DefaultListableBeanFactory     : Creating shared instance of singleton bean 'authorizationProxyFactory'
2025-06-10T20:17:55.979+07:00 DEBUG 11148 --- [           main] o.s.b.f.s.DefaultListableBeanFactory     : Creating shared instance of singleton bean 'org.springframework.transaction.config.internalTransactionAdvisor'
2025-06-10T20:17:55.979+07:00 DEBUG 11148 --- [           main] o.s.b.f.s.DefaultListableBeanFactory     : Creating shared instance of singleton bean 'org.springframework.transaction.annotation.ProxyTransactionManagementConfiguration'
2025-06-10T20:17:56.017+07:00 DEBUG 11148 --- [           main] o.s.b.f.s.DefaultListableBeanFactory     : Creating shared instance of singleton bean 'transactionAttributeSource'
2025-06-10T20:17:56.021+07:00 DEBUG 11148 --- [           main] o.s.b.f.s.DefaultListableBeanFactory     : Creating shared instance of singleton bean 'transactionInterceptor'
2025-06-10T20:17:56.021+07:00 DEBUG 11148 --- [           main] o.s.b.f.s.DefaultListableBeanFactory     : Autowiring by type from bean name 'transactionInterceptor' via factory method to bean named 'transactionAttributeSource'
2025-06-10T20:17:56.029+07:00 DEBUG 11148 --- [           main] o.s.b.f.s.DefaultListableBeanFactory     : Autowiring by type from bean name 'org.springframework.transaction.config.internalTransactionAdvisor' via factory method to bean named 'transactionAttributeSource'
2025-06-10T20:17:56.029+07:00 DEBUG 11148 --- [           main] o.s.b.f.s.DefaultListableBeanFactory     : Autowiring by type from bean name 'org.springframework.transaction.config.internalTransactionAdvisor' via factory method to bean named 'transactionInterceptor'
2025-06-10T20:17:56.033+07:00 DEBUG 11148 --- [           main] o.s.b.f.s.DefaultListableBeanFactory     : Autowiring by type from bean name 'authorizeReturnObjectMethodInterceptor' via factory method to bean named 'authorizationProxyFactory'
2025-06-10T20:17:56.083+07:00 DEBUG 11148 --- [           main] o.s.u.c.s.UiApplicationContextUtils      : Unable to locate ThemeSource with name 'themeSource': using default [org.springframework.ui.context.support.ResourceBundleThemeSource@4b41587d]
2025-06-10T20:17:56.085+07:00 DEBUG 11148 --- [           main] o.s.b.f.s.DefaultListableBeanFactory     : Creating shared instance of singleton bean 'org.springframework.test.context.support.internalDynamicPropertyRegistrarBeanInitializer'
2025-06-10T20:17:56.092+07:00 DEBUG 11148 --- [           main] o.s.b.f.s.DefaultListableBeanFactory     : Creating shared instance of singleton bean 'dataSourceScriptDatabaseInitializer'
2025-06-10T20:17:56.092+07:00 DEBUG 11148 --- [           main] o.s.b.f.s.DefaultListableBeanFactory     : Creating shared instance of singleton bean 'org.springframework.boot.autoconfigure.sql.init.DataSourceInitializationConfiguration'
2025-06-10T20:17:56.093+07:00 DEBUG 11148 --- [           main] o.s.b.f.s.DefaultListableBeanFactory     : Creating shared instance of singleton bean 'dataSource'
2025-06-10T20:17:56.093+07:00 DEBUG 11148 --- [           main] o.s.b.f.s.DefaultListableBeanFactory     : Creating shared instance of singleton bean 'org.springframework.boot.autoconfigure.jdbc.DataSourceConfiguration$Hikari'
2025-06-10T20:17:56.095+07:00 DEBUG 11148 --- [           main] o.s.b.f.s.DefaultListableBeanFactory     : Creating shared instance of singleton bean 'spring.datasource-org.springframework.boot.autoconfigure.jdbc.DataSourceProperties'
2025-06-10T20:17:56.098+07:00 DEBUG 11148 --- [           main] o.s.b.f.s.DefaultListableBeanFactory     : Creating shared instance of singleton bean 'org.springframework.boot.context.properties.BoundConfigurationProperties'
2025-06-10T20:17:56.116+07:00 DEBUG 11148 --- [           main] o.s.b.f.s.DefaultListableBeanFactory     : Creating shared instance of singleton bean 'jdbcConnectionDetails'
2025-06-10T20:17:56.116+07:00 DEBUG 11148 --- [           main] o.s.b.f.s.DefaultListableBeanFactory     : Creating shared instance of singleton bean 'org.springframework.boot.autoconfigure.jdbc.DataSourceAutoConfiguration$PooledDataSourceConfiguration'
2025-06-10T20:17:56.117+07:00 DEBUG 11148 --- [           main] o.s.b.f.s.DefaultListableBeanFactory     : Autowiring by type from bean name 'jdbcConnectionDetails' via factory method to bean named 'spring.datasource-org.springframework.boot.autoconfigure.jdbc.DataSourceProperties'
2025-06-10T20:17:56.119+07:00 DEBUG 11148 --- [           main] o.s.b.f.s.DefaultListableBeanFactory     : Autowiring by type from bean name 'dataSource' via factory method to bean named 'spring.datasource-org.springframework.boot.autoconfigure.jdbc.DataSourceProperties'
2025-06-10T20:17:56.119+07:00 DEBUG 11148 --- [           main] o.s.b.f.s.DefaultListableBeanFactory     : Autowiring by type from bean name 'dataSource' via factory method to bean named 'jdbcConnectionDetails'
2025-06-10T20:17:56.163+07:00 DEBUG 11148 --- [           main] o.s.b.f.s.DefaultListableBeanFactory     : Creating shared instance of singleton bean 'spring.sql.init-org.springframework.boot.autoconfigure.sql.init.SqlInitializationProperties'
2025-06-10T20:17:56.168+07:00 DEBUG 11148 --- [           main] o.s.b.f.s.DefaultListableBeanFactory     : Autowiring by type from bean name 'dataSourceScriptDatabaseInitializer' via factory method to bean named 'dataSource'
2025-06-10T20:17:56.168+07:00 DEBUG 11148 --- [           main] o.s.b.f.s.DefaultListableBeanFactory     : Autowiring by type from bean name 'dataSourceScriptDatabaseInitializer' via factory method to bean named 'spring.sql.init-org.springframework.boot.autoconfigure.sql.init.SqlInitializationProperties'
2025-06-10T20:17:56.177+07:00 DEBUG 11148 --- [           main] o.s.b.f.s.DefaultListableBeanFactory     : Creating shared instance of singleton bean 'entityManagerFactory'
2025-06-10T20:17:56.178+07:00 DEBUG 11148 --- [           main] o.s.b.f.s.DefaultListableBeanFactory     : Creating shared instance of singleton bean 'org.springframework.boot.autoconfigure.orm.jpa.HibernateJpaConfiguration'
2025-06-10T20:17:56.180+07:00 DEBUG 11148 --- [           main] o.s.b.f.s.DefaultListableBeanFactory     : Creating shared instance of singleton bean 'spring.jpa-org.springframework.boot.autoconfigure.orm.jpa.JpaProperties'
2025-06-10T20:17:56.187+07:00 DEBUG 11148 --- [           main] o.s.b.f.s.DefaultListableBeanFactory     : Creating shared instance of singleton bean 'spring.jpa.hibernate-org.springframework.boot.autoconfigure.orm.jpa.HibernateProperties'
2025-06-10T20:17:56.190+07:00 DEBUG 11148 --- [           main] o.s.b.f.s.DefaultListableBeanFactory     : Autowiring by type from bean name 'org.springframework.boot.autoconfigure.orm.jpa.HibernateJpaConfiguration' via constructor to bean named 'dataSource'
2025-06-10T20:17:56.190+07:00 DEBUG 11148 --- [           main] o.s.b.f.s.DefaultListableBeanFactory     : Autowiring by type from bean name 'org.springframework.boot.autoconfigure.orm.jpa.HibernateJpaConfiguration' via constructor to bean named 'spring.jpa-org.springframework.boot.autoconfigure.orm.jpa.JpaProperties'
2025-06-10T20:17:56.191+07:00 DEBUG 11148 --- [           main] o.s.b.f.s.DefaultListableBeanFactory     : Autowiring by type from bean name 'org.springframework.boot.autoconfigure.orm.jpa.HibernateJpaConfiguration' via constructor to bean named 'org.springframework.beans.factory.support.DefaultListableBeanFactory@1813f3e9'
2025-06-10T20:17:56.191+07:00 DEBUG 11148 --- [           main] o.s.b.f.s.DefaultListableBeanFactory     : Autowiring by type from bean name 'org.springframework.boot.autoconfigure.orm.jpa.HibernateJpaConfiguration' via constructor to bean named 'spring.jpa.hibernate-org.springframework.boot.autoconfigure.orm.jpa.HibernateProperties'
2025-06-10T20:17:56.195+07:00 DEBUG 11148 --- [           main] o.s.b.f.s.DefaultListableBeanFactory     : Creating shared instance of singleton bean 'hikariPoolDataSourceMetadataProvider'
2025-06-10T20:17:56.195+07:00 DEBUG 11148 --- [           main] o.s.b.f.s.DefaultListableBeanFactory     : Creating shared instance of singleton bean 'org.springframework.boot.autoconfigure.jdbc.metadata.DataSourcePoolMetadataProvidersConfiguration$HikariPoolDataSourceMetadataProviderConfiguration'
2025-06-10T20:17:56.214+07:00 DEBUG 11148 --- [           main] o.s.b.f.s.DefaultListableBeanFactory     : Creating shared instance of singleton bean 'entityManagerFactoryBuilder'
2025-06-10T20:17:56.216+07:00 DEBUG 11148 --- [           main] o.s.b.f.s.DefaultListableBeanFactory     : Creating shared instance of singleton bean 'jpaVendorAdapter'
2025-06-10T20:17:56.248+07:00 DEBUG 11148 --- [           main] o.s.b.f.s.DefaultListableBeanFactory     : Autowiring by type from bean name 'entityManagerFactoryBuilder' via factory method to bean named 'jpaVendorAdapter'
2025-06-10T20:17:56.255+07:00 DEBUG 11148 --- [           main] o.s.b.f.s.DefaultListableBeanFactory     : Creating shared instance of singleton bean 'persistenceManagedTypes'
2025-06-10T20:17:56.259+07:00 DEBUG 11148 --- [           main] o.s.b.f.s.DefaultListableBeanFactory     : Autowiring by type from bean name 'persistenceManagedTypes' via factory method to bean named 'org.springframework.beans.factory.support.DefaultListableBeanFactory@1813f3e9'
2025-06-10T20:17:56.260+07:00 DEBUG 11148 --- [           main] o.s.b.f.s.DefaultListableBeanFactory     : Autowiring by type from bean name 'persistenceManagedTypes' via factory method to bean named 'org.springframework.web.context.support.GenericWebApplicationContext@130a0f66'
2025-06-10T20:17:56.274+07:00 DEBUG 11148 --- [           main] o.s.b.f.s.DefaultListableBeanFactory     : Autowiring by type from bean name 'entityManagerFactory' via factory method to bean named 'entityManagerFactoryBuilder'
2025-06-10T20:17:56.275+07:00 DEBUG 11148 --- [           main] o.s.b.f.s.DefaultListableBeanFactory     : Autowiring by type from bean name 'entityManagerFactory' via factory method to bean named 'persistenceManagedTypes'
2025-06-10T20:17:56.311+07:00 DEBUG 11148 --- [           main] j.LocalContainerEntityManagerFactoryBean : Building JPA container EntityManagerFactory for persistence unit 'default'
2025-06-10T20:17:56.363+07:00  INFO 11148 --- [           main] o.hibernate.jpa.internal.util.LogHelper  : HHH000204: Processing PersistenceUnitInfo [name: default]
2025-06-10T20:17:56.505+07:00  INFO 11148 --- [           main] org.hibernate.Version                    : HHH000412: Hibernate ORM core version 6.6.11.Final
2025-06-10T20:17:56.563+07:00  INFO 11148 --- [           main] o.h.c.internal.RegionFactoryInitiator    : HHH000026: Second-level cache disabled
2025-06-10T20:17:57.069+07:00  INFO 11148 --- [           main] o.s.o.j.p.SpringPersistenceUnitInfo      : No LoadTimeWeaver setup: ignoring JPA class transformer
2025-06-10T20:17:57.117+07:00  INFO 11148 --- [           main] com.zaxxer.hikari.HikariDataSource       : HikariPool-1 - Starting...
2025-06-10T20:18:01.768+07:00  INFO 11148 --- [           main] com.zaxxer.hikari.pool.HikariPool        : HikariPool-1 - Added connection org.postgresql.jdbc.PgConnection@8ee03f5
2025-06-10T20:18:01.771+07:00  INFO 11148 --- [           main] com.zaxxer.hikari.HikariDataSource       : HikariPool-1 - Start completed.
2025-06-10T20:18:02.126+07:00  WARN 11148 --- [           main] org.hibernate.orm.deprecation            : HHH90000025: PostgreSQLDialect does not need to be specified explicitly using 'hibernate.dialect' (remove the property setting and it will be selected by default)
2025-06-10T20:18:03.232+07:00  INFO 11148 --- [           main] org.hibernate.orm.connections.pooling    : HHH10001005: Database info:
	Database JDBC URL [Connecting through datasource 'HikariDataSource (HikariPool-1)']
	Database driver: undefined/unknown
	Database version: 17.5
	Autocommit mode: undefined/unknown
	Isolation level: undefined/unknown
	Minimum pool size: undefined/unknown
	Maximum pool size: undefined/unknown
2025-06-10T20:18:04.818+07:00  INFO 11148 --- [           main] o.h.e.t.j.p.i.JtaPlatformInitiator       : HHH000489: No JTA platform available (set 'hibernate.transaction.jta.platform' to enable JTA platform integration)
2025-06-10T20:18:29.072+07:00  INFO 11148 --- [           main] j.LocalContainerEntityManagerFactoryBean : Initialized JPA EntityManagerFactory for persistence unit 'default'
2025-06-10T20:18:29.083+07:00 DEBUG 11148 --- [           main] o.s.b.f.s.DefaultListableBeanFactory     : Creating shared instance of singleton bean 'demoApplication'
2025-06-10T20:18:29.085+07:00 DEBUG 11148 --- [           main] o.s.b.f.s.DefaultListableBeanFactory     : Creating shared instance of singleton bean 'accountController'
2025-06-10T20:18:29.091+07:00 DEBUG 11148 --- [           main] o.s.b.f.s.DefaultListableBeanFactory     : Creating shared instance of singleton bean 'userRepository'
2025-06-10T20:18:29.109+07:00 DEBUG 11148 --- [           main] o.s.b.f.s.DefaultListableBeanFactory     : Creating shared instance of singleton bean 'jpa.named-queries#1'
2025-06-10T20:18:29.119+07:00 DEBUG 11148 --- [           main] o.s.b.f.s.DefaultListableBeanFactory     : Creating shared instance of singleton bean 'jpa.UserRepository.fragments#0'
2025-06-10T20:18:29.133+07:00 DEBUG 11148 --- [           main] o.s.b.f.s.DefaultListableBeanFactory     : Creating shared instance of singleton bean 'jpaSharedEM_entityManagerFactory'
2025-06-10T20:18:29.216+07:00 DEBUG 11148 --- [           main] o.s.b.f.s.DefaultListableBeanFactory     : Creating shared instance of singleton bean 'jpaMappingContext'
2025-06-10T20:18:29.217+07:00 DEBUG 11148 --- [           main] .c.JpaMetamodelMappingContextFactoryBean : Initializing JpaMetamodelMappingContext…
2025-06-10T20:18:29.265+07:00 DEBUG 11148 --- [           main] .c.JpaMetamodelMappingContextFactoryBean : Finished initializing JpaMetamodelMappingContext
2025-06-10T20:18:29.342+07:00 DEBUG 11148 --- [           main] tor$SharedEntityManagerInvocationHandler : Creating new EntityManager for shared EntityManager invocation
2025-06-10T20:18:29.395+07:00 DEBUG 11148 --- [           main] tor$SharedEntityManagerInvocationHandler : Creating new EntityManager for shared EntityManager invocation
2025-06-10T20:18:29.546+07:00 DEBUG 11148 --- [           main] o.s.d.r.c.s.RepositoryFactorySupport     : Initializing repository instance for com.example.demo.repository.UserRepository…
2025-06-10T20:18:29.568+07:00 DEBUG 11148 --- [           main] tor$SharedEntityManagerInvocationHandler : Creating new EntityManager for shared EntityManager invocation
2025-06-10T20:18:29.659+07:00 DEBUG 11148 --- [           main] o.s.d.jpa.repository.query.NamedQuery    : Looking up named query 'User.findByUsername'
2025-06-10T20:18:29.661+07:00 DEBUG 11148 --- [           main] o.s.d.jpa.repository.query.NamedQuery    : Did not find named query User.findByUsername
2025-06-10T20:18:29.666+07:00 DEBUG 11148 --- [           main] tor$SharedEntityManagerInvocationHandler : Creating new EntityManager for shared EntityManager invocation
2025-06-10T20:18:29.758+07:00 DEBUG 11148 --- [           main] o.s.d.jpa.repository.query.NamedQuery    : Looking up named query 'User.existsByUsername'
2025-06-10T20:18:29.758+07:00 DEBUG 11148 --- [           main] o.s.d.jpa.repository.query.NamedQuery    : Did not find named query User.existsByUsername
2025-06-10T20:18:29.758+07:00 DEBUG 11148 --- [           main] tor$SharedEntityManagerInvocationHandler : Creating new EntityManager for shared EntityManager invocation
2025-06-10T20:18:29.762+07:00 DEBUG 11148 --- [           main] o.s.d.jpa.repository.query.NamedQuery    : Looking up named query 'User.existsByEmail'
2025-06-10T20:18:29.763+07:00 DEBUG 11148 --- [           main] o.s.d.jpa.repository.query.NamedQuery    : Did not find named query User.existsByEmail
2025-06-10T20:18:29.763+07:00 DEBUG 11148 --- [           main] tor$SharedEntityManagerInvocationHandler : Creating new EntityManager for shared EntityManager invocation
2025-06-10T20:18:29.794+07:00 DEBUG 11148 --- [           main] o.s.d.r.c.s.RepositoryFactorySupport     : Finished creation of repository instance for com.example.demo.repository.UserRepository.
2025-06-10T20:18:29.805+07:00 DEBUG 11148 --- [           main] o.s.b.f.s.DefaultListableBeanFactory     : Autowiring by type from bean name 'accountController' via constructor to bean named 'userRepository'
2025-06-10T20:18:29.946+07:00 DEBUG 11148 --- [           main] o.s.b.f.s.DefaultListableBeanFactory     : Creating shared instance of singleton bean 'authController'
2025-06-10T20:18:29.950+07:00 DEBUG 11148 --- [           main] o.s.b.f.s.DefaultListableBeanFactory     : Creating shared instance of singleton bean 'authService'
2025-06-10T20:18:29.953+07:00 DEBUG 11148 --- [           main] o.s.b.f.s.DefaultListableBeanFactory     : Creating shared instance of singleton bean 'roleRepository'
2025-06-10T20:18:29.955+07:00 DEBUG 11148 --- [           main] o.s.b.f.s.DefaultListableBeanFactory     : Creating shared instance of singleton bean 'jpa.named-queries#10'
2025-06-10T20:18:29.962+07:00 DEBUG 11148 --- [           main] o.s.b.f.s.DefaultListableBeanFactory     : Creating shared instance of singleton bean 'jpa.RoleRepository.fragments#0'
2025-06-10T20:18:29.967+07:00 DEBUG 11148 --- [           main] tor$SharedEntityManagerInvocationHandler : Creating new EntityManager for shared EntityManager invocation
2025-06-10T20:18:29.972+07:00 DEBUG 11148 --- [           main] o.s.d.r.c.s.RepositoryFactorySupport     : Initializing repository instance for com.example.demo.repository.RoleRepository…
2025-06-10T20:18:29.973+07:00 DEBUG 11148 --- [           main] tor$SharedEntityManagerInvocationHandler : Creating new EntityManager for shared EntityManager invocation
2025-06-10T20:18:29.979+07:00 DEBUG 11148 --- [           main] o.s.d.jpa.repository.query.NamedQuery    : Looking up named query 'Role.findByRolename'
2025-06-10T20:18:29.982+07:00 DEBUG 11148 --- [           main] o.s.d.jpa.repository.query.NamedQuery    : Did not find named query Role.findByRolename
2025-06-10T20:18:29.982+07:00 DEBUG 11148 --- [           main] tor$SharedEntityManagerInvocationHandler : Creating new EntityManager for shared EntityManager invocation
2025-06-10T20:18:30.020+07:00 DEBUG 11148 --- [           main] o.s.d.r.c.s.RepositoryFactorySupport     : Finished creation of repository instance for com.example.demo.repository.RoleRepository.
2025-06-10T20:18:30.039+07:00 DEBUG 11148 --- [           main] o.s.b.f.s.DefaultListableBeanFactory     : Creating shared instance of singleton bean 'nhanVienRepository'
2025-06-10T20:18:30.041+07:00 DEBUG 11148 --- [           main] o.s.b.f.s.DefaultListableBeanFactory     : Creating shared instance of singleton bean 'jpa.named-queries#13'
2025-06-10T20:18:30.043+07:00 DEBUG 11148 --- [           main] o.s.b.f.s.DefaultListableBeanFactory     : Creating shared instance of singleton bean 'jpa.NhanVienRepository.fragments#0'
2025-06-10T20:18:30.046+07:00 DEBUG 11148 --- [           main] tor$SharedEntityManagerInvocationHandler : Creating new EntityManager for shared EntityManager invocation
2025-06-10T20:18:30.047+07:00 DEBUG 11148 --- [           main] o.s.d.r.c.s.RepositoryFactorySupport     : Initializing repository instance for com.example.demo.repository.NhanVienRepository…
2025-06-10T20:18:30.047+07:00 DEBUG 11148 --- [           main] tor$SharedEntityManagerInvocationHandler : Creating new EntityManager for shared EntityManager invocation
2025-06-10T20:18:30.058+07:00 DEBUG 11148 --- [           main] o.s.d.r.c.s.RepositoryFactorySupport     : Finished creation of repository instance for com.example.demo.repository.NhanVienRepository.
2025-06-10T20:18:30.063+07:00 DEBUG 11148 --- [           main] o.s.b.f.s.DefaultListableBeanFactory     : Creating shared instance of singleton bean 'passwordEncoder'
2025-06-10T20:18:30.064+07:00 DEBUG 11148 --- [           main] o.s.b.f.s.DefaultListableBeanFactory     : Creating shared instance of singleton bean 'securityConfig'
2025-06-10T20:18:30.064+07:00 DEBUG 11148 --- [           main] o.s.b.f.s.DefaultListableBeanFactory     : Creating shared instance of singleton bean 'jwtAuthFilter'
2025-06-10T20:18:30.077+07:00 DEBUG 11148 --- [           main] o.s.b.f.s.DefaultListableBeanFactory     : Creating shared instance of singleton bean 'jwtService'
2025-06-10T20:18:30.080+07:00 DEBUG 11148 --- [           main] o.s.b.f.s.DefaultListableBeanFactory     : Autowiring by type from bean name 'jwtService' via constructor to bean named 'org.springframework.beans.factory.support.DefaultListableBeanFactory@1813f3e9'
2025-06-10T20:18:30.083+07:00 DEBUG 11148 --- [           main] o.s.c.e.PropertySourcesPropertyResolver  : Found key 'jwt.secret' in PropertySource 'environmentProperties' with value of type String
Loaded JWT secret: Jtqh00v718vEzn1EJ4zshXjLyZWSCUfZ
2025-06-10T20:18:30.090+07:00 DEBUG 11148 --- [           main] o.s.b.f.s.DefaultListableBeanFactory     : Creating shared instance of singleton bean 'userDetailsServiceImpl'
2025-06-10T20:18:30.092+07:00 DEBUG 11148 --- [           main] o.s.b.f.s.DefaultListableBeanFactory     : Autowiring by type from bean name 'userDetailsServiceImpl' via constructor to bean named 'userRepository'
2025-06-10T20:18:30.093+07:00 DEBUG 11148 --- [           main] o.s.b.f.s.DefaultListableBeanFactory     : Autowiring by type from bean name 'jwtAuthFilter' via constructor to bean named 'jwtService'
2025-06-10T20:18:30.093+07:00 DEBUG 11148 --- [           main] o.s.b.f.s.DefaultListableBeanFactory     : Autowiring by type from bean name 'jwtAuthFilter' via constructor to bean named 'userDetailsServiceImpl'
2025-06-10T20:18:30.097+07:00 DEBUG 11148 --- [           main] o.s.b.f.s.DefaultListableBeanFactory     : Autowiring by type from bean name 'securityConfig' via constructor to bean named 'jwtAuthFilter'
2025-06-10T20:18:30.097+07:00 DEBUG 11148 --- [           main] o.s.b.f.s.DefaultListableBeanFactory     : Autowiring by type from bean name 'securityConfig' via constructor to bean named 'userDetailsServiceImpl'
2025-06-10T20:18:30.109+07:00 DEBUG 11148 --- [           main] o.s.b.f.s.DefaultListableBeanFactory     : Creating shared instance of singleton bean 'authenticationManager'
2025-06-10T20:18:30.109+07:00 DEBUG 11148 --- [           main] o.s.b.f.s.DefaultListableBeanFactory     : Creating shared instance of singleton bean 'org.springframework.security.config.annotation.authentication.configuration.AuthenticationConfiguration'
2025-06-10T20:18:30.112+07:00 DEBUG 11148 --- [           main] o.s.b.f.s.DefaultListableBeanFactory     : Creating shared instance of singleton bean 'enableGlobalAuthenticationAutowiredConfigurer'
2025-06-10T20:18:30.113+07:00 DEBUG 11148 --- [           main] o.s.b.f.s.DefaultListableBeanFactory     : Autowiring by type from bean name 'enableGlobalAuthenticationAutowiredConfigurer' via factory method to bean named 'org.springframework.web.context.support.GenericWebApplicationContext@130a0f66'
2025-06-10T20:18:30.116+07:00 DEBUG 11148 --- [           main] o.s.b.f.s.DefaultListableBeanFactory     : Creating shared instance of singleton bean 'initializeUserDetailsBeanManagerConfigurer'
2025-06-10T20:18:30.116+07:00 DEBUG 11148 --- [           main] o.s.b.f.s.DefaultListableBeanFactory     : Autowiring by type from bean name 'initializeUserDetailsBeanManagerConfigurer' via factory method to bean named 'org.springframework.web.context.support.GenericWebApplicationContext@130a0f66'
2025-06-10T20:18:30.116+07:00 DEBUG 11148 --- [           main] o.s.b.f.s.DefaultListableBeanFactory     : Creating shared instance of singleton bean 'initializeAuthenticationProviderBeanManagerConfigurer'
2025-06-10T20:18:30.117+07:00 DEBUG 11148 --- [           main] o.s.b.f.s.DefaultListableBeanFactory     : Autowiring by type from bean name 'initializeAuthenticationProviderBeanManagerConfigurer' via factory method to bean named 'org.springframework.web.context.support.GenericWebApplicationContext@130a0f66'
2025-06-10T20:18:30.120+07:00 DEBUG 11148 --- [           main] o.s.b.f.s.DefaultListableBeanFactory     : Creating shared instance of singleton bean 'objectPostProcessor'
2025-06-10T20:18:30.120+07:00 DEBUG 11148 --- [           main] o.s.b.f.s.DefaultListableBeanFactory     : Creating shared instance of singleton bean 'org.springframework.security.config.annotation.configuration.ObjectPostProcessorConfiguration'
2025-06-10T20:18:30.122+07:00 DEBUG 11148 --- [           main] o.s.b.f.s.DefaultListableBeanFactory     : Autowiring by type from bean name 'objectPostProcessor' via factory method to bean named 'org.springframework.beans.factory.support.DefaultListableBeanFactory@1813f3e9'
2025-06-10T20:18:30.164+07:00 DEBUG 11148 --- [           main] o.s.b.f.s.DefaultListableBeanFactory     : Autowiring by type from bean name 'authenticationManager' via factory method to bean named 'org.springframework.security.config.annotation.authentication.configuration.AuthenticationConfiguration'
2025-06-10T20:18:30.165+07:00 DEBUG 11148 --- [           main] o.s.b.f.s.DefaultListableBeanFactory     : Creating shared instance of singleton bean 'authenticationManagerBuilder'
2025-06-10T20:18:30.181+07:00 DEBUG 11148 --- [           main] o.s.b.f.s.DefaultListableBeanFactory     : Autowiring by type from bean name 'authenticationManagerBuilder' via factory method to bean named 'objectPostProcessor'
2025-06-10T20:18:30.182+07:00 DEBUG 11148 --- [           main] o.s.b.f.s.DefaultListableBeanFactory     : Autowiring by type from bean name 'authenticationManagerBuilder' via factory method to bean named 'org.springframework.web.context.support.GenericWebApplicationContext@130a0f66'
2025-06-10T20:18:30.183+07:00 DEBUG 11148 --- [           main] o.s.b.f.s.DefaultListableBeanFactory     : Creating shared instance of singleton bean 'authenticationEventPublisher'
2025-06-10T20:18:30.184+07:00 DEBUG 11148 --- [           main] o.s.b.f.s.DefaultListableBeanFactory     : Creating shared instance of singleton bean 'org.springframework.boot.autoconfigure.security.servlet.SecurityAutoConfiguration'
2025-06-10T20:18:30.185+07:00 DEBUG 11148 --- [           main] o.s.b.f.s.DefaultListableBeanFactory     : Autowiring by type from bean name 'authenticationEventPublisher' via factory method to bean named 'org.springframework.web.context.support.GenericWebApplicationContext@130a0f66'
2025-06-10T20:18:30.224+07:00 DEBUG 11148 --- [           main] o.s.b.f.s.DefaultListableBeanFactory     : Creating shared instance of singleton bean 'org.springframework.boot.autoconfigure.security.servlet.SpringBootWebSecurityConfiguration$WebSecurityEnablerConfiguration'
2025-06-10T20:18:30.227+07:00 DEBUG 11148 --- [           main] o.s.b.f.s.DefaultListableBeanFactory     : Creating shared instance of singleton bean 'authenticationProvider'
2025-06-10T20:18:30.282+07:00  INFO 11148 --- [           main] eAuthenticationProviderManagerConfigurer : Global AuthenticationManager configured with AuthenticationProvider bean with name authenticationProvider
2025-06-10T20:18:30.282+07:00  WARN 11148 --- [           main] r$InitializeUserDetailsManagerConfigurer : Global AuthenticationManager configured with an AuthenticationProvider bean. UserDetailsService beans will not be used by Spring Security for automatically configuring username/password login. Consider removing the AuthenticationProvider bean. Alternatively, consider using the UserDetailsService in a manually instantiated DaoAuthenticationProvider. If the current configuration is intentional, to turn off this warning, increase the logging level of 'org.springframework.security.config.annotation.authentication.configuration.InitializeUserDetailsBeanManagerConfigurer' to ERROR
2025-06-10T20:18:30.286+07:00 DEBUG 11148 --- [           main] o.s.b.f.s.DefaultListableBeanFactory     : Autowiring by type from bean name 'authService' via constructor to bean named 'userRepository'
2025-06-10T20:18:30.286+07:00 DEBUG 11148 --- [           main] o.s.b.f.s.DefaultListableBeanFactory     : Autowiring by type from bean name 'authService' via constructor to bean named 'roleRepository'
2025-06-10T20:18:30.286+07:00 DEBUG 11148 --- [           main] o.s.b.f.s.DefaultListableBeanFactory     : Autowiring by type from bean name 'authService' via constructor to bean named 'nhanVienRepository'
2025-06-10T20:18:30.287+07:00 DEBUG 11148 --- [           main] o.s.b.f.s.DefaultListableBeanFactory     : Autowiring by type from bean name 'authService' via constructor to bean named 'passwordEncoder'
2025-06-10T20:18:30.287+07:00 DEBUG 11148 --- [           main] o.s.b.f.s.DefaultListableBeanFactory     : Autowiring by type from bean name 'authService' via constructor to bean named 'jwtService'
2025-06-10T20:18:30.287+07:00 DEBUG 11148 --- [           main] o.s.b.f.s.DefaultListableBeanFactory     : Autowiring by type from bean name 'authService' via constructor to bean named 'authenticationManager'
2025-06-10T20:18:30.290+07:00 DEBUG 11148 --- [           main] o.s.b.f.s.DefaultListableBeanFactory     : Autowiring by type from bean name 'authController' via constructor to bean named 'authService'
2025-06-10T20:18:30.290+07:00 DEBUG 11148 --- [           main] o.s.b.f.s.DefaultListableBeanFactory     : Autowiring by type from bean name 'authController' via constructor to bean named 'userRepository'
2025-06-10T20:18:30.421+07:00 DEBUG 11148 --- [           main] o.s.b.f.s.DefaultListableBeanFactory     : Creating shared instance of singleton bean 'baoHiemController'
2025-06-10T20:18:30.455+07:00 DEBUG 11148 --- [           main] o.s.b.f.s.DefaultListableBeanFactory     : Creating shared instance of singleton bean 'baoHiemService'
2025-06-10T20:18:30.457+07:00 DEBUG 11148 --- [           main] o.s.b.f.s.DefaultListableBeanFactory     : Creating shared instance of singleton bean 'baoHiemRepository'
2025-06-10T20:18:30.462+07:00 DEBUG 11148 --- [           main] o.s.b.f.s.DefaultListableBeanFactory     : Creating shared instance of singleton bean 'jpa.named-queries#0'
2025-06-10T20:18:30.464+07:00 DEBUG 11148 --- [           main] o.s.b.f.s.DefaultListableBeanFactory     : Creating shared instance of singleton bean 'jpa.BaoHiemRepository.fragments#0'
2025-06-10T20:18:30.467+07:00 DEBUG 11148 --- [           main] tor$SharedEntityManagerInvocationHandler : Creating new EntityManager for shared EntityManager invocation
2025-06-10T20:18:30.480+07:00 DEBUG 11148 --- [           main] o.s.d.r.c.s.RepositoryFactorySupport     : Initializing repository instance for com.example.demo.repository.BaoHiemRepository…
2025-06-10T20:18:30.488+07:00 DEBUG 11148 --- [           main] tor$SharedEntityManagerInvocationHandler : Creating new EntityManager for shared EntityManager invocation
2025-06-10T20:18:30.506+07:00 DEBUG 11148 --- [           main] o.s.d.r.c.s.RepositoryFactorySupport     : Finished creation of repository instance for com.example.demo.repository.BaoHiemRepository.
2025-06-10T20:18:30.534+07:00 DEBUG 11148 --- [           main] o.s.b.f.s.DefaultListableBeanFactory     : Creating shared instance of singleton bean 'boPhanController'
2025-06-10T20:18:30.541+07:00 DEBUG 11148 --- [           main] o.s.b.f.s.DefaultListableBeanFactory     : Creating shared instance of singleton bean 'boPhanService'
2025-06-10T20:18:30.542+07:00 DEBUG 11148 --- [           main] o.s.b.f.s.DefaultListableBeanFactory     : Creating shared instance of singleton bean 'boPhanRepository'
2025-06-10T20:18:30.545+07:00 DEBUG 11148 --- [           main] o.s.b.f.s.DefaultListableBeanFactory     : Creating shared instance of singleton bean 'jpa.named-queries#7'
2025-06-10T20:18:30.548+07:00 DEBUG 11148 --- [           main] o.s.b.f.s.DefaultListableBeanFactory     : Creating shared instance of singleton bean 'jpa.BoPhanRepository.fragments#0'
2025-06-10T20:18:30.551+07:00 DEBUG 11148 --- [           main] tor$SharedEntityManagerInvocationHandler : Creating new EntityManager for shared EntityManager invocation
2025-06-10T20:18:30.554+07:00 DEBUG 11148 --- [           main] o.s.d.r.c.s.RepositoryFactorySupport     : Initializing repository instance for com.example.demo.repository.BoPhanRepository…
2025-06-10T20:18:30.558+07:00 DEBUG 11148 --- [           main] tor$SharedEntityManagerInvocationHandler : Creating new EntityManager for shared EntityManager invocation
2025-06-10T20:18:30.568+07:00 DEBUG 11148 --- [           main] o.s.d.r.c.s.RepositoryFactorySupport     : Finished creation of repository instance for com.example.demo.repository.BoPhanRepository.
2025-06-10T20:18:30.573+07:00 DEBUG 11148 --- [           main] o.s.b.f.s.DefaultListableBeanFactory     : Creating shared instance of singleton bean 'chamCongController'
2025-06-10T20:18:30.576+07:00 DEBUG 11148 --- [           main] o.s.b.f.s.DefaultListableBeanFactory     : Creating shared instance of singleton bean 'chamCongService'
2025-06-10T20:18:30.577+07:00 DEBUG 11148 --- [           main] o.s.b.f.s.DefaultListableBeanFactory     : Creating shared instance of singleton bean 'chamCongRepository'
2025-06-10T20:18:30.578+07:00 DEBUG 11148 --- [           main] o.s.b.f.s.DefaultListableBeanFactory     : Creating shared instance of singleton bean 'jpa.named-queries#11'
2025-06-10T20:18:30.580+07:00 DEBUG 11148 --- [           main] o.s.b.f.s.DefaultListableBeanFactory     : Creating shared instance of singleton bean 'jpa.ChamCongRepository.fragments#0'
2025-06-10T20:18:30.581+07:00 DEBUG 11148 --- [           main] tor$SharedEntityManagerInvocationHandler : Creating new EntityManager for shared EntityManager invocation
2025-06-10T20:18:30.586+07:00 DEBUG 11148 --- [           main] o.s.d.r.c.s.RepositoryFactorySupport     : Initializing repository instance for com.example.demo.repository.ChamCongRepository…
2025-06-10T20:18:30.587+07:00 DEBUG 11148 --- [           main] tor$SharedEntityManagerInvocationHandler : Creating new EntityManager for shared EntityManager invocation
2025-06-10T20:18:30.591+07:00 DEBUG 11148 --- [           main] o.s.d.jpa.repository.query.NamedQuery    : Looking up named query 'ChamCong.findByNgayAndEmployeeId'
2025-06-10T20:18:30.592+07:00 DEBUG 11148 --- [           main] o.s.d.jpa.repository.query.NamedQuery    : Did not find named query ChamCong.findByNgayAndEmployeeId
2025-06-10T20:18:30.592+07:00 DEBUG 11148 --- [           main] tor$SharedEntityManagerInvocationHandler : Creating new EntityManager for shared EntityManager invocation
2025-06-10T20:18:30.597+07:00 DEBUG 11148 --- [           main] o.s.d.jpa.repository.query.NamedQuery    : Looking up named query 'ChamCong.findByEmployeeId'
2025-06-10T20:18:30.598+07:00 DEBUG 11148 --- [           main] o.s.d.jpa.repository.query.NamedQuery    : Did not find named query ChamCong.findByEmployeeId
2025-06-10T20:18:30.598+07:00 DEBUG 11148 --- [           main] tor$SharedEntityManagerInvocationHandler : Creating new EntityManager for shared EntityManager invocation
2025-06-10T20:18:30.600+07:00 DEBUG 11148 --- [           main] o.s.d.jpa.repository.query.NamedQuery    : Looking up named query 'ChamCong.findByNgay'
2025-06-10T20:18:30.600+07:00 DEBUG 11148 --- [           main] o.s.d.jpa.repository.query.NamedQuery    : Did not find named query ChamCong.findByNgay
2025-06-10T20:18:30.601+07:00 DEBUG 11148 --- [           main] tor$SharedEntityManagerInvocationHandler : Creating new EntityManager for shared EntityManager invocation
2025-06-10T20:18:30.606+07:00 DEBUG 11148 --- [           main] o.s.d.r.c.s.RepositoryFactorySupport     : Finished creation of repository instance for com.example.demo.repository.ChamCongRepository.
2025-06-10T20:18:30.612+07:00 DEBUG 11148 --- [           main] o.s.b.f.s.DefaultListableBeanFactory     : Creating shared instance of singleton bean 'loaiCongRepository'
2025-06-10T20:18:30.614+07:00 DEBUG 11148 --- [           main] o.s.b.f.s.DefaultListableBeanFactory     : Creating shared instance of singleton bean 'jpa.named-queries#4'
2025-06-10T20:18:30.615+07:00 DEBUG 11148 --- [           main] o.s.b.f.s.DefaultListableBeanFactory     : Creating shared instance of singleton bean 'jpa.LoaiCongRepository.fragments#0'
2025-06-10T20:18:30.617+07:00 DEBUG 11148 --- [           main] tor$SharedEntityManagerInvocationHandler : Creating new EntityManager for shared EntityManager invocation
2025-06-10T20:18:30.620+07:00 DEBUG 11148 --- [           main] o.s.d.r.c.s.RepositoryFactorySupport     : Initializing repository instance for com.example.demo.repository.LoaiCongRepository…
2025-06-10T20:18:30.621+07:00 DEBUG 11148 --- [           main] tor$SharedEntityManagerInvocationHandler : Creating new EntityManager for shared EntityManager invocation
2025-06-10T20:18:30.626+07:00 DEBUG 11148 --- [           main] o.s.d.r.c.s.RepositoryFactorySupport     : Finished creation of repository instance for com.example.demo.repository.LoaiCongRepository.
2025-06-10T20:18:30.632+07:00 DEBUG 11148 --- [           main] o.s.b.f.s.DefaultListableBeanFactory     : Creating shared instance of singleton bean 'chucVuController'
2025-06-10T20:18:30.634+07:00 DEBUG 11148 --- [           main] o.s.b.f.s.DefaultListableBeanFactory     : Creating shared instance of singleton bean 'chucVuService'
2025-06-10T20:18:30.635+07:00 DEBUG 11148 --- [           main] o.s.b.f.s.DefaultListableBeanFactory     : Creating shared instance of singleton bean 'chucVuRepository'
2025-06-10T20:18:30.636+07:00 DEBUG 11148 --- [           main] o.s.b.f.s.DefaultListableBeanFactory     : Creating shared instance of singleton bean 'jpa.named-queries#2'
2025-06-10T20:18:30.638+07:00 DEBUG 11148 --- [           main] o.s.b.f.s.DefaultListableBeanFactory     : Creating shared instance of singleton bean 'jpa.ChucVuRepository.fragments#0'
2025-06-10T20:18:30.640+07:00 DEBUG 11148 --- [           main] tor$SharedEntityManagerInvocationHandler : Creating new EntityManager for shared EntityManager invocation
2025-06-10T20:18:30.641+07:00 DEBUG 11148 --- [           main] o.s.d.r.c.s.RepositoryFactorySupport     : Initializing repository instance for com.example.demo.repository.ChucVuRepository…
2025-06-10T20:18:30.641+07:00 DEBUG 11148 --- [           main] tor$SharedEntityManagerInvocationHandler : Creating new EntityManager for shared EntityManager invocation
2025-06-10T20:18:30.645+07:00 DEBUG 11148 --- [           main] o.s.d.r.c.s.RepositoryFactorySupport     : Finished creation of repository instance for com.example.demo.repository.ChucVuRepository.
2025-06-10T20:18:30.649+07:00 DEBUG 11148 --- [           main] o.s.b.f.s.DefaultListableBeanFactory     : Creating shared instance of singleton bean 'danhGiaController'
2025-06-10T20:18:30.652+07:00 DEBUG 11148 --- [           main] o.s.b.f.s.DefaultListableBeanFactory     : Creating shared instance of singleton bean 'danhGiaService'
2025-06-10T20:18:30.652+07:00 DEBUG 11148 --- [           main] o.s.b.f.s.DefaultListableBeanFactory     : Creating shared instance of singleton bean 'danhGiaRepository'
2025-06-10T20:18:30.653+07:00 DEBUG 11148 --- [           main] o.s.b.f.s.DefaultListableBeanFactory     : Creating shared instance of singleton bean 'jpa.named-queries#6'
2025-06-10T20:18:30.655+07:00 DEBUG 11148 --- [           main] o.s.b.f.s.DefaultListableBeanFactory     : Creating shared instance of singleton bean 'jpa.DanhGiaRepository.fragments#0'
2025-06-10T20:18:30.656+07:00 DEBUG 11148 --- [           main] tor$SharedEntityManagerInvocationHandler : Creating new EntityManager for shared EntityManager invocation
2025-06-10T20:18:30.665+07:00 DEBUG 11148 --- [           main] o.s.d.r.c.s.RepositoryFactorySupport     : Initializing repository instance for com.example.demo.repository.DanhGiaRepository…
2025-06-10T20:18:30.667+07:00 DEBUG 11148 --- [           main] tor$SharedEntityManagerInvocationHandler : Creating new EntityManager for shared EntityManager invocation
2025-06-10T20:18:30.672+07:00 DEBUG 11148 --- [           main] o.s.d.jpa.repository.query.NamedQuery    : Looking up named query 'DanhGia.findByNhanVien_IdAndKy'
2025-06-10T20:18:30.672+07:00 DEBUG 11148 --- [           main] o.s.d.jpa.repository.query.NamedQuery    : Did not find named query DanhGia.findByNhanVien_IdAndKy
2025-06-10T20:18:30.672+07:00 DEBUG 11148 --- [           main] tor$SharedEntityManagerInvocationHandler : Creating new EntityManager for shared EntityManager invocation
2025-06-10T20:18:30.680+07:00 DEBUG 11148 --- [           main] o.s.d.jpa.repository.query.NamedQuery    : Looking up named query 'DanhGia.findByNhanVien_IdAndKyAndNam'
2025-06-10T20:18:30.681+07:00 DEBUG 11148 --- [           main] o.s.d.jpa.repository.query.NamedQuery    : Did not find named query DanhGia.findByNhanVien_IdAndKyAndNam
2025-06-10T20:18:30.681+07:00 DEBUG 11148 --- [           main] tor$SharedEntityManagerInvocationHandler : Creating new EntityManager for shared EntityManager invocation
2025-06-10T20:18:30.683+07:00 DEBUG 11148 --- [           main] o.s.d.jpa.repository.query.NamedQuery    : Looking up named query 'DanhGia.findByNhanVien_IdAndNam'
2025-06-10T20:18:30.683+07:00 DEBUG 11148 --- [           main] o.s.d.jpa.repository.query.NamedQuery    : Did not find named query DanhGia.findByNhanVien_IdAndNam
2025-06-10T20:18:30.683+07:00 DEBUG 11148 --- [           main] tor$SharedEntityManagerInvocationHandler : Creating new EntityManager for shared EntityManager invocation
2025-06-10T20:18:30.685+07:00 DEBUG 11148 --- [           main] o.s.d.jpa.repository.query.NamedQuery    : Looking up named query 'DanhGia.findByKyAndNam'
2025-06-10T20:18:30.685+07:00 DEBUG 11148 --- [           main] o.s.d.jpa.repository.query.NamedQuery    : Did not find named query DanhGia.findByKyAndNam
2025-06-10T20:18:30.685+07:00 DEBUG 11148 --- [           main] tor$SharedEntityManagerInvocationHandler : Creating new EntityManager for shared EntityManager invocation
2025-06-10T20:18:30.687+07:00 DEBUG 11148 --- [           main] o.s.d.jpa.repository.query.NamedQuery    : Looking up named query 'DanhGia.findByNhanVien_Id'
2025-06-10T20:18:30.687+07:00 DEBUG 11148 --- [           main] o.s.d.jpa.repository.query.NamedQuery    : Did not find named query DanhGia.findByNhanVien_Id
2025-06-10T20:18:30.687+07:00 DEBUG 11148 --- [           main] tor$SharedEntityManagerInvocationHandler : Creating new EntityManager for shared EntityManager invocation
2025-06-10T20:18:30.689+07:00 DEBUG 11148 --- [           main] o.s.d.jpa.repository.query.NamedQuery    : Looking up named query 'DanhGia.findByNam'
2025-06-10T20:18:30.689+07:00 DEBUG 11148 --- [           main] o.s.d.jpa.repository.query.NamedQuery    : Did not find named query DanhGia.findByNam
2025-06-10T20:18:30.690+07:00 DEBUG 11148 --- [           main] tor$SharedEntityManagerInvocationHandler : Creating new EntityManager for shared EntityManager invocation
2025-06-10T20:18:30.691+07:00 DEBUG 11148 --- [           main] o.s.d.jpa.repository.query.NamedQuery    : Looking up named query 'DanhGia.findByKy'
2025-06-10T20:18:30.692+07:00 DEBUG 11148 --- [           main] o.s.d.jpa.repository.query.NamedQuery    : Did not find named query DanhGia.findByKy
2025-06-10T20:18:30.693+07:00 DEBUG 11148 --- [           main] tor$SharedEntityManagerInvocationHandler : Creating new EntityManager for shared EntityManager invocation
2025-06-10T20:18:30.698+07:00 DEBUG 11148 --- [           main] o.s.d.r.c.s.RepositoryFactorySupport     : Finished creation of repository instance for com.example.demo.repository.DanhGiaRepository.
2025-06-10T20:18:30.703+07:00 DEBUG 11148 --- [           main] o.s.b.f.s.DefaultListableBeanFactory     : Creating shared instance of singleton bean 'hopDongController'
2025-06-10T20:18:30.705+07:00 DEBUG 11148 --- [           main] o.s.b.f.s.DefaultListableBeanFactory     : Creating shared instance of singleton bean 'hopDongService'
2025-06-10T20:18:30.706+07:00 DEBUG 11148 --- [           main] o.s.b.f.s.DefaultListableBeanFactory     : Creating shared instance of singleton bean 'hopDongRepository'
2025-06-10T20:18:30.707+07:00 DEBUG 11148 --- [           main] o.s.b.f.s.DefaultListableBeanFactory     : Creating shared instance of singleton bean 'jpa.named-queries#12'
2025-06-10T20:18:30.708+07:00 DEBUG 11148 --- [           main] o.s.b.f.s.DefaultListableBeanFactory     : Creating shared instance of singleton bean 'jpa.HopDongRepository.fragments#0'
2025-06-10T20:18:30.710+07:00 DEBUG 11148 --- [           main] tor$SharedEntityManagerInvocationHandler : Creating new EntityManager for shared EntityManager invocation
2025-06-10T20:18:30.715+07:00 DEBUG 11148 --- [           main] o.s.d.r.c.s.RepositoryFactorySupport     : Initializing repository instance for com.example.demo.repository.HopDongRepository…
2025-06-10T20:18:30.715+07:00 DEBUG 11148 --- [           main] tor$SharedEntityManagerInvocationHandler : Creating new EntityManager for shared EntityManager invocation
2025-06-10T20:18:30.720+07:00 DEBUG 11148 --- [           main] o.s.d.r.c.s.RepositoryFactorySupport     : Finished creation of repository instance for com.example.demo.repository.HopDongRepository.
2025-06-10T20:18:30.726+07:00 DEBUG 11148 --- [           main] o.s.b.f.s.DefaultListableBeanFactory     : Creating shared instance of singleton bean 'luongController'
2025-06-10T20:18:30.727+07:00 DEBUG 11148 --- [           main] o.s.b.f.s.DefaultListableBeanFactory     : Creating shared instance of singleton bean 'luongService'
2025-06-10T20:18:30.728+07:00 DEBUG 11148 --- [           main] o.s.b.f.s.DefaultListableBeanFactory     : Creating shared instance of singleton bean 'luongRepository'
2025-06-10T20:18:30.730+07:00 DEBUG 11148 --- [           main] o.s.b.f.s.DefaultListableBeanFactory     : Creating shared instance of singleton bean 'jpa.named-queries#9'
2025-06-10T20:18:30.732+07:00 DEBUG 11148 --- [           main] o.s.b.f.s.DefaultListableBeanFactory     : Creating shared instance of singleton bean 'jpa.LuongRepository.fragments#0'
2025-06-10T20:18:30.735+07:00 DEBUG 11148 --- [           main] tor$SharedEntityManagerInvocationHandler : Creating new EntityManager for shared EntityManager invocation
2025-06-10T20:18:30.740+07:00 DEBUG 11148 --- [           main] o.s.d.r.c.s.RepositoryFactorySupport     : Initializing repository instance for com.example.demo.repository.LuongRepository…
2025-06-10T20:18:30.740+07:00 DEBUG 11148 --- [           main] tor$SharedEntityManagerInvocationHandler : Creating new EntityManager for shared EntityManager invocation
2025-06-10T20:18:30.743+07:00 DEBUG 11148 --- [           main] o.s.d.jpa.repository.query.NamedQuery    : Looking up named query 'Luong.findByNhanVien_IdAndThang'
2025-06-10T20:18:30.743+07:00 DEBUG 11148 --- [           main] o.s.d.jpa.repository.query.NamedQuery    : Did not find named query Luong.findByNhanVien_IdAndThang
2025-06-10T20:18:30.743+07:00 DEBUG 11148 --- [           main] tor$SharedEntityManagerInvocationHandler : Creating new EntityManager for shared EntityManager invocation
2025-06-10T20:18:30.745+07:00 DEBUG 11148 --- [           main] o.s.d.jpa.repository.query.NamedQuery    : Looking up named query 'Luong.findByNhanVien_IdAndThangAndNam'
2025-06-10T20:18:30.746+07:00 DEBUG 11148 --- [           main] o.s.d.jpa.repository.query.NamedQuery    : Did not find named query Luong.findByNhanVien_IdAndThangAndNam
2025-06-10T20:18:30.746+07:00 DEBUG 11148 --- [           main] tor$SharedEntityManagerInvocationHandler : Creating new EntityManager for shared EntityManager invocation
2025-06-10T20:18:30.748+07:00 DEBUG 11148 --- [           main] o.s.d.jpa.repository.query.NamedQuery    : Looking up named query 'Luong.findByNhanVien_IdAndNam'
2025-06-10T20:18:30.749+07:00 DEBUG 11148 --- [           main] o.s.d.jpa.repository.query.NamedQuery    : Did not find named query Luong.findByNhanVien_IdAndNam
2025-06-10T20:18:30.750+07:00 DEBUG 11148 --- [           main] tor$SharedEntityManagerInvocationHandler : Creating new EntityManager for shared EntityManager invocation
2025-06-10T20:18:30.752+07:00 DEBUG 11148 --- [           main] o.s.d.jpa.repository.query.NamedQuery    : Looking up named query 'Luong.findByNhanVien_Id'
2025-06-10T20:18:30.752+07:00 DEBUG 11148 --- [           main] o.s.d.jpa.repository.query.NamedQuery    : Did not find named query Luong.findByNhanVien_Id
2025-06-10T20:18:30.752+07:00 DEBUG 11148 --- [           main] tor$SharedEntityManagerInvocationHandler : Creating new EntityManager for shared EntityManager invocation
2025-06-10T20:18:30.754+07:00 DEBUG 11148 --- [           main] o.s.d.jpa.repository.query.NamedQuery    : Looking up named query 'Luong.findByNam'
2025-06-10T20:18:30.754+07:00 DEBUG 11148 --- [           main] o.s.d.jpa.repository.query.NamedQuery    : Did not find named query Luong.findByNam
2025-06-10T20:18:30.754+07:00 DEBUG 11148 --- [           main] tor$SharedEntityManagerInvocationHandler : Creating new EntityManager for shared EntityManager invocation
2025-06-10T20:18:30.755+07:00 DEBUG 11148 --- [           main] o.s.d.jpa.repository.query.NamedQuery    : Looking up named query 'Luong.findByNamAndThang'
2025-06-10T20:18:30.756+07:00 DEBUG 11148 --- [           main] o.s.d.jpa.repository.query.NamedQuery    : Did not find named query Luong.findByNamAndThang
2025-06-10T20:18:30.756+07:00 DEBUG 11148 --- [           main] tor$SharedEntityManagerInvocationHandler : Creating new EntityManager for shared EntityManager invocation
2025-06-10T20:18:30.758+07:00 DEBUG 11148 --- [           main] o.s.d.jpa.repository.query.NamedQuery    : Looking up named query 'Luong.findByThang'
2025-06-10T20:18:30.758+07:00 DEBUG 11148 --- [           main] o.s.d.jpa.repository.query.NamedQuery    : Did not find named query Luong.findByThang
2025-06-10T20:18:30.758+07:00 DEBUG 11148 --- [           main] tor$SharedEntityManagerInvocationHandler : Creating new EntityManager for shared EntityManager invocation
2025-06-10T20:18:30.763+07:00 DEBUG 11148 --- [           main] o.s.d.r.c.s.RepositoryFactorySupport     : Finished creation of repository instance for com.example.demo.repository.LuongRepository.
2025-06-10T20:18:30.770+07:00 DEBUG 11148 --- [           main] o.s.b.f.s.DefaultListableBeanFactory     : Creating shared instance of singleton bean 'nhanVienController'
2025-06-10T20:18:30.771+07:00 DEBUG 11148 --- [           main] o.s.b.f.s.DefaultListableBeanFactory     : Autowiring by type from bean name 'nhanVienController' via constructor to bean named 'roleRepository'
2025-06-10T20:18:30.772+07:00 DEBUG 11148 --- [           main] o.s.b.f.s.DefaultListableBeanFactory     : Creating shared instance of singleton bean 'nhanVienService'
2025-06-10T20:18:30.773+07:00 DEBUG 11148 --- [           main] o.s.b.f.s.DefaultListableBeanFactory     : Autowiring by type from bean name 'nhanVienService' via constructor to bean named 'nhanVienRepository'
2025-06-10T20:18:30.773+07:00 DEBUG 11148 --- [           main] o.s.b.f.s.DefaultListableBeanFactory     : Autowiring by type from bean name 'nhanVienService' via constructor to bean named 'authService'
2025-06-10T20:18:30.774+07:00 DEBUG 11148 --- [           main] o.s.b.f.s.DefaultListableBeanFactory     : Creating shared instance of singleton bean 'phongBanRepository'
2025-06-10T20:18:30.775+07:00 DEBUG 11148 --- [           main] o.s.b.f.s.DefaultListableBeanFactory     : Creating shared instance of singleton bean 'jpa.named-queries#3'
2025-06-10T20:18:30.777+07:00 DEBUG 11148 --- [           main] o.s.b.f.s.DefaultListableBeanFactory     : Creating shared instance of singleton bean 'jpa.PhongBanRepository.fragments#0'
2025-06-10T20:18:30.778+07:00 DEBUG 11148 --- [           main] tor$SharedEntityManagerInvocationHandler : Creating new EntityManager for shared EntityManager invocation
2025-06-10T20:18:30.779+07:00 DEBUG 11148 --- [           main] o.s.d.r.c.s.RepositoryFactorySupport     : Initializing repository instance for com.example.demo.repository.PhongBanRepository…
2025-06-10T20:18:30.779+07:00 DEBUG 11148 --- [           main] tor$SharedEntityManagerInvocationHandler : Creating new EntityManager for shared EntityManager invocation
2025-06-10T20:18:30.781+07:00 DEBUG 11148 --- [           main] o.s.d.r.c.s.RepositoryFactorySupport     : Finished creation of repository instance for com.example.demo.repository.PhongBanRepository.
2025-06-10T20:18:30.783+07:00 DEBUG 11148 --- [           main] o.s.b.f.s.DefaultListableBeanFactory     : Creating shared instance of singleton bean 'trinhDoRepository'
2025-06-10T20:18:30.784+07:00 DEBUG 11148 --- [           main] o.s.b.f.s.DefaultListableBeanFactory     : Creating shared instance of singleton bean 'jpa.named-queries#5'
2025-06-10T20:18:30.785+07:00 DEBUG 11148 --- [           main] o.s.b.f.s.DefaultListableBeanFactory     : Creating shared instance of singleton bean 'jpa.TrinhDoRepository.fragments#0'
2025-06-10T20:18:30.786+07:00 DEBUG 11148 --- [           main] tor$SharedEntityManagerInvocationHandler : Creating new EntityManager for shared EntityManager invocation
2025-06-10T20:18:30.787+07:00 DEBUG 11148 --- [           main] o.s.d.r.c.s.RepositoryFactorySupport     : Initializing repository instance for com.example.demo.repository.TrinhDoRepository…
2025-06-10T20:18:30.787+07:00 DEBUG 11148 --- [           main] tor$SharedEntityManagerInvocationHandler : Creating new EntityManager for shared EntityManager invocation
2025-06-10T20:18:30.790+07:00 DEBUG 11148 --- [           main] o.s.d.r.c.s.RepositoryFactorySupport     : Finished creation of repository instance for com.example.demo.repository.TrinhDoRepository.
2025-06-10T20:18:30.793+07:00 DEBUG 11148 --- [           main] o.s.b.f.s.DefaultListableBeanFactory     : Creating shared instance of singleton bean 'phongBanController'
2025-06-10T20:18:30.794+07:00 DEBUG 11148 --- [           main] o.s.b.f.s.DefaultListableBeanFactory     : Creating shared instance of singleton bean 'phongBanService'
2025-06-10T20:18:30.795+07:00 DEBUG 11148 --- [           main] o.s.b.f.s.DefaultListableBeanFactory     : Creating shared instance of singleton bean 'trinhDoController'
2025-06-10T20:18:30.797+07:00 DEBUG 11148 --- [           main] o.s.b.f.s.DefaultListableBeanFactory     : Creating shared instance of singleton bean 'trinhDoService'
2025-06-10T20:18:30.798+07:00 DEBUG 11148 --- [           main] o.s.b.f.s.DefaultListableBeanFactory     : Creating shared instance of singleton bean 'tuyenDungController'
2025-06-10T20:18:30.801+07:00 DEBUG 11148 --- [           main] o.s.b.f.s.DefaultListableBeanFactory     : Creating shared instance of singleton bean 'tuyenDungService'
2025-06-10T20:18:30.801+07:00 DEBUG 11148 --- [           main] o.s.b.f.s.DefaultListableBeanFactory     : Creating shared instance of singleton bean 'tuyenDungRepository'
[...]

   SpringDocConfiguration#springdocBeanFactoryPostProcessor2:
      Did not match:
         - @ConditionalOnMissingClass found unwanted class 'org.springframework.boot.context.properties.bind.BindResult' (OnClassCondition)

   SpringDocConfiguration.SpringDocActuatorConfiguration:
      Did not match:
         - @ConditionalOnClass did not find required class 'org.springframework.boot.actuate.autoconfigure.endpoint.web.WebEndpointProperties' (OnClassCondition)

   SpringDocConfiguration.SpringDocRepositoryRestConfiguration:
      Did not match:
         - @ConditionalOnClass did not find required class 'org.springframework.data.rest.core.config.RepositoryRestConfiguration' (OnClassCondition)

   SpringDocConfiguration.SpringDocWebFluxSupportConfiguration:
      Did not match:
         - @ConditionalOnClass did not find required class 'reactor.core.publisher.Flux' (OnClassCondition)

   SpringDocDataRestConfiguration:
      Did not match:
         - @ConditionalOnClass did not find required class 'org.springframework.data.rest.core.config.RepositoryRestConfiguration' (OnClassCondition)

   SpringDocFunctionCatalogConfiguration:
      Did not match:
         - @ConditionalOnClass did not find required class 'org.springframework.cloud.function.web.function.FunctionEndpointInitializer' (OnClassCondition)

   SpringDocGroovyConfiguration:
      Did not match:
         - @ConditionalOnClass did not find required class 'groovy.lang.MetaClass' (OnClassCondition)

   SpringDocHateoasConfiguration:
      Did not match:
         - @ConditionalOnClass did not find required class 'org.springframework.hateoas.server.LinkRelationProvider' (OnClassCondition)

   SpringDocJacksonKotlinModuleConfiguration:
      Did not match:
         - @ConditionalOnClass did not find required class 'com.fasterxml.jackson.module.kotlin.KotlinModule' (OnClassCondition)

   SpringDocJavadocConfiguration:
      Did not match:
         - @ConditionalOnClass did not find required class 'com.github.therapi.runtimejavadoc.CommentFormatter' (OnClassCondition)

   SpringDocKotlinConfiguration:
      Did not match:
         - @ConditionalOnClass did not find required class 'kotlin.coroutines.Continuation' (OnClassCondition)

   SpringDocKotlinxConfiguration:
      Did not match:
         - @ConditionalOnClass did not find required class 'kotlinx.coroutines.flow.Flow' (OnClassCondition)

   SpringDocSecurityConfiguration.SpringDocSecurityOAuth2Configuration:
      Did not match:
         - @ConditionalOnClass did not find required class 'org.springframework.security.oauth2.server.authorization.OAuth2AuthorizationService' (OnClassCondition)

   SpringDocSecurityConfiguration.SpringSecurityLoginEndpointConfiguration#springSecurityLoginEndpointCustomiser:
      Did not match:
         - @ConditionalOnProperty (springdoc.show-login-endpoint) did not find property 'springdoc.show-login-endpoint' (OnPropertyCondition)

   SpringDocSortConfiguration#delegatingMethodParameterCustomizer:
      Did not match:
         - @ConditionalOnMissingBean (types: org.springdoc.core.customizers.DelegatingMethodParameterCustomizer; SearchStrategy: all) found beans of type 'org.springdoc.core.customizers.DelegatingMethodParameterCustomizer' delegatingMethodParameterCustomizer (OnBeanCondition)

   SpringDocWebMvcConfiguration.SpringDocWebMvcActuatorConfiguration:
      Did not match:
         - @ConditionalOnClass did not find required class 'org.springframework.boot.actuate.endpoint.web.servlet.WebMvcEndpointHandlerMapping' (OnClassCondition)

   SwaggerConfig#springWebProvider:
      Did not match:
         - @ConditionalOnMissingBean (types: org.springdoc.core.providers.SpringWebProvider; SearchStrategy: all) found beans of type 'org.springdoc.core.providers.SpringWebProvider' springWebProvider (OnBeanCondition)

   SwaggerConfig#swaggerUiConfigParameters:
      Did not match:
         - @ConditionalOnMissingBean (types: org.springdoc.core.properties.SwaggerUiConfigParameters; SearchStrategy: all) found beans of type 'org.springdoc.core.properties.SwaggerUiConfigParameters' org.springdoc.core.properties.SwaggerUiConfigParameters (OnBeanCondition)

   SwaggerConfig#swaggerUiHome:
      Did not match:
         - @ConditionalOnProperty (springdoc.swagger-ui.use-root-path=true) did not find property 'springdoc.swagger-ui.use-root-path' (OnPropertyCondition)

   SwaggerConfig.SwaggerActuatorWelcomeConfiguration:
      Did not match:
         - @ConditionalOnClass did not find required class 'org.springframework.boot.actuate.endpoint.web.servlet.WebMvcEndpointHandlerMapping' (OnClassCondition)

   TaskExecutorConfigurations.SimpleAsyncTaskExecutorBuilderConfiguration#simpleAsyncTaskExecutorBuilderVirtualThreads:
      Did not match:
         - @ConditionalOnMissingBean (types: org.springframework.boot.task.SimpleAsyncTaskExecutorBuilder; SearchStrategy: all) found beans of type 'org.springframework.boot.task.SimpleAsyncTaskExecutorBuilder' simpleAsyncTaskExecutorBuilder (OnBeanCondition)

   TaskExecutorConfigurations.TaskExecutorConfiguration#applicationTaskExecutorVirtualThreads:
      Did not match:
         - @ConditionalOnThreading did not find VIRTUAL (OnThreadingCondition)

   TaskSchedulingAutoConfiguration#scheduledBeanLazyInitializationExcludeFilter:
      Did not match:
         - @ConditionalOnBean (names: org.springframework.context.annotation.internalScheduledAnnotationProcessor; SearchStrategy: all) did not find any beans named org.springframework.context.annotation.internalScheduledAnnotationProcessor (OnBeanCondition)

   TaskSchedulingConfigurations.SimpleAsyncTaskSchedulerBuilderConfiguration#simpleAsyncTaskSchedulerBuilderVirtualThreads:
      Did not match:
         - @ConditionalOnMissingBean (types: org.springframework.boot.task.SimpleAsyncTaskSchedulerBuilder; SearchStrategy: all) found beans of type 'org.springframework.boot.task.SimpleAsyncTaskSchedulerBuilder' simpleAsyncTaskSchedulerBuilder (OnBeanCondition)

   TaskSchedulingConfigurations.TaskSchedulerConfiguration:
      Did not match:
         - @ConditionalOnBean (names: org.springframework.context.annotation.internalScheduledAnnotationProcessor; SearchStrategy: all) did not find any beans named org.springframework.context.annotation.internalScheduledAnnotationProcessor (OnBeanCondition)

   ThymeleafAutoConfiguration:
      Did not match:
         - @ConditionalOnClass did not find required class 'org.thymeleaf.spring6.SpringTemplateEngine' (OnClassCondition)

   TransactionAutoConfiguration#transactionalOperator:
      Did not match:
         - @ConditionalOnSingleCandidate (types: org.springframework.transaction.ReactiveTransactionManager; SearchStrategy: all) did not find any beans (OnBeanCondition)

   TransactionAutoConfiguration.AspectJTransactionManagementConfiguration:
      Did not match:
         - @ConditionalOnBean (types: org.springframework.transaction.aspectj.AbstractTransactionAspect; SearchStrategy: all) did not find any beans of type org.springframework.transaction.aspectj.AbstractTransactionAspect (OnBeanCondition)

   TransactionAutoConfiguration.EnableTransactionManagementConfiguration.JdkDynamicAutoProxyConfiguration:
      Did not match:
         - @ConditionalOnProperty (spring.aop.proxy-target-class=false) did not find property 'proxy-target-class' (OnPropertyCondition)

   UserDetailsServiceAutoConfiguration:
      Did not match:
         - @ConditionalOnMissingBean (types: org.springframework.security.authentication.AuthenticationManager,org.springframework.security.authentication.AuthenticationProvider,org.springframework.security.core.userdetails.UserDetailsService,org.springframework.security.authentication.AuthenticationManagerResolver,org.springframework.security.oauth2.jwt.JwtDecoder; SearchStrategy: all) found beans of type 'org.springframework.security.authentication.AuthenticationManager' authenticationManager and found beans of type 'org.springframework.security.core.userdetails.UserDetailsService' userDetailsServiceImpl and found beans of type 'org.springframework.security.authentication.AuthenticationProvider' authenticationProvider (OnBeanCondition)
      Matched:
         - @ConditionalOnClass found required class 'org.springframework.security.authentication.AuthenticationManager' (OnClassCondition)
         - found 'session' scope (OnWebApplicationCondition)
         - AnyNestedCondition 1 matched 2 did not; NestedCondition on UserDetailsServiceAutoConfiguration.MissingAlternativeOrUserPropertiesConfigured.PasswordConfigured @ConditionalOnProperty (spring.security.user.password) did not find property 'password'; NestedCondition on UserDetailsServiceAutoConfiguration.MissingAlternativeOrUserPropertiesConfigured.NameConfigured @ConditionalOnProperty (spring.security.user.name) did not find property 'name'; NestedCondition on UserDetailsServiceAutoConfiguration.MissingAlternativeOrUserPropertiesConfigured.MissingAlternative @ConditionalOnMissingClass did not find unwanted classes 'org.springframework.security.oauth2.client.registration.ClientRegistrationRepository', 'org.springframework.security.oauth2.server.resource.introspection.OpaqueTokenIntrospector', 'org.springframework.security.saml2.provider.service.registration.RelyingPartyRegistrationRepository' (UserDetailsServiceAutoConfiguration.MissingAlternativeOrUserPropertiesConfigured)

   ValidationAutoConfiguration:
      Did not match:
         - @ConditionalOnResource did not find resource 'classpath:META-INF/services/jakarta.validation.spi.ValidationProvider' (OnResourceCondition)
      Matched:
         - @ConditionalOnClass found required class 'jakarta.validation.executable.ExecutableValidator' (OnClassCondition)

   WebClientAutoConfiguration:
      Did not match:
         - @ConditionalOnClass did not find required class 'org.springframework.web.reactive.function.client.WebClient' (OnClassCondition)

   WebFluxAutoConfiguration:
      Did not match:
         - @ConditionalOnClass did not find required class 'org.springframework.web.reactive.config.WebFluxConfigurer' (OnClassCondition)

   WebMvcAutoConfiguration#hiddenHttpMethodFilter:
      Did not match:
         - @ConditionalOnProperty (spring.mvc.hiddenmethod.filter.enabled) did not find property 'enabled' (OnPropertyCondition)

   WebMvcAutoConfiguration.ProblemDetailsErrorHandlingConfiguration:
      Did not match:
         - @ConditionalOnProperty (spring.mvc.problemdetails.enabled=true) did not find property 'enabled' (OnPropertyCondition)

   WebMvcAutoConfiguration.ResourceChainCustomizerConfiguration:
      Did not match:
         - @ConditionalOnEnabledResourceChain did not find class org.webjars.WebJarVersionLocator (OnEnabledResourceChainCondition)

   WebMvcAutoConfiguration.WebMvcAutoConfigurationAdapter#beanNameViewResolver:
      Did not match:
         - @ConditionalOnMissingBean (types: org.springframework.web.servlet.view.BeanNameViewResolver; SearchStrategy: all) found beans of type 'org.springframework.web.servlet.view.BeanNameViewResolver' beanNameViewResolver (OnBeanCondition)

   WebServiceTemplateAutoConfiguration:
      Did not match:
         - @ConditionalOnClass did not find required class 'org.springframework.oxm.Marshaller' (OnClassCondition)

   WebServicesAutoConfiguration:
      Did not match:
         - @ConditionalOnClass did not find required class 'org.springframework.ws.transport.http.MessageDispatcherServlet' (OnClassCondition)

   WebSessionIdResolverAutoConfiguration:
      Did not match:
         - @ConditionalOnClass did not find required class 'reactor.core.publisher.Mono' (OnClassCondition)

   WebSocketMessagingAutoConfiguration:
      Did not match:
         - @ConditionalOnClass did not find required class 'org.springframework.web.socket.config.annotation.WebSocketMessageBrokerConfigurer' (OnClassCondition)

   WebSocketReactiveAutoConfiguration:
      Did not match:
         - @ConditionalOnWebApplication did not find reactive web application classes (OnWebApplicationCondition)

   WebSocketServletAutoConfiguration.JettyWebSocketConfiguration:
      Did not match:
         - @ConditionalOnClass did not find required class 'org.eclipse.jetty.ee10.websocket.jakarta.server.config.JakartaWebSocketServletContainerInitializer' (OnClassCondition)

   WebSocketServletAutoConfiguration.UndertowWebSocketConfiguration:
      Did not match:
         - @ConditionalOnClass did not find required class 'io.undertow.websockets.jsr.Bootstrap' (OnClassCondition)

   XADataSourceAutoConfiguration:
      Did not match:
         - @ConditionalOnBean (types: org.springframework.boot.jdbc.XADataSourceWrapper; SearchStrategy: all) did not find any beans of type org.springframework.boot.jdbc.XADataSourceWrapper (OnBeanCondition)
      Matched:
         - @ConditionalOnClass found required classes 'javax.sql.DataSource', 'jakarta.transaction.TransactionManager', 'org.springframework.jdbc.datasource.embedded.EmbeddedDatabaseType' (OnClassCondition)


Exclusions:
-----------

    None


Unconditional classes:
----------------------

    org.springframework.boot.autoconfigure.context.ConfigurationPropertiesAutoConfiguration

    org.springframework.boot.autoconfigure.ssl.SslAutoConfiguration

    org.springframework.boot.autoconfigure.context.PropertyPlaceholderAutoConfiguration

    org.springframework.boot.autoconfigure.context.LifecycleAutoConfiguration

    org.springdoc.core.configuration.SpringDocSpecPropertiesConfiguration

    org.springframework.boot.autoconfigure.availability.ApplicationAvailabilityAutoConfiguration

    org.springframework.boot.autoconfigure.info.ProjectInfoAutoConfiguration



2025-06-10T20:18:32.049+07:00  INFO 11148 --- [           main] com.example.demo.DemoApplicationTests    : Started DemoApplicationTests in 38.325 seconds (process running for 39.589)
2025-06-10T20:18:32.050+07:00 DEBUG 11148 --- [           main] o.s.b.a.ApplicationAvailabilityBean      : Application availability state LivenessState changed to CORRECT
2025-06-10T20:18:32.054+07:00 DEBUG 11148 --- [           main] o.s.boot.devtools.restart.Restarter      : Creating new Restarter for thread Thread[main,5,main]
2025-06-10T20:18:32.054+07:00 DEBUG 11148 --- [           main] o.s.b.a.ApplicationAvailabilityBean      : Application availability state ReadinessState changed to ACCEPTING_TRAFFIC
2025-06-10T20:18:32.057+07:00 DEBUG 11148 --- [           main] org.springframework.test.context.cache   : Spring test ApplicationContext cache statistics: [DefaultContextCache@3c62bae5 size = 1, maxSize = 32, parentContextCount = 0, hitCount = 0, missCount = 1, failureCount = 0]
2025-06-10T20:18:32.058+07:00 DEBUG 11148 --- [           main] o.s.t.c.w.ServletTestExecutionListener   : Setting up MockHttpServletRequest, MockHttpServletResponse, ServletWebRequest, and RequestContextHolder for test class com.example.demo.DemoApplicationTests
2025-06-10T20:18:32.076+07:00 DEBUG 11148 --- [           main] DependencyInjectionTestExecutionListener : Performing dependency injection for test class com.example.demo.DemoApplicationTests
2025-06-10T20:18:32.076+07:00 DEBUG 11148 --- [           main] org.springframework.test.context.cache   : Spring test ApplicationContext cache statistics: [DefaultContextCache@3c62bae5 size = 1, maxSize = 32, parentContextCount = 0, hitCount = 1, missCount = 1, failureCount = 0]
2025-06-10T20:18:32.078+07:00 DEBUG 11148 --- [           main] org.springframework.test.context.cache   : Spring test ApplicationContext cache statistics: [DefaultContextCache@3c62bae5 size = 1, maxSize = 32, parentContextCount = 0, hitCount = 2, missCount = 1, failureCount = 0]
2025-06-10T20:18:32.086+07:00 DEBUG 11148 --- [           main] sContextBeforeModesTestExecutionListener : Before test method: class [DemoApplicationTests], method [contextLoads], class annotated with @DirtiesContext [false] with mode [null], method annotated with @DirtiesContext [false] with mode [null]
2025-06-10T20:18:32.087+07:00 DEBUG 11148 --- [           main] org.springframework.test.context.cache   : Spring test ApplicationContext cache statistics: [DefaultContextCache@3c62bae5 size = 1, maxSize = 32, parentContextCount = 0, hitCount = 3, missCount = 1, failureCount = 0]
2025-06-10T20:18:32.088+07:00 DEBUG 11148 --- [           main] org.springframework.test.context.cache   : Spring test ApplicationContext cache statistics: [DefaultContextCache@3c62bae5 size = 1, maxSize = 32, parentContextCount = 0, hitCount = 4, missCount = 1, failureCount = 0]
2025-06-10T20:18:32.449+07:00 DEBUG 11148 --- [           main] org.springframework.test.context.cache   : Spring test ApplicationContext cache statistics: [DefaultContextCache@3c62bae5 size = 1, maxSize = 32, parentContextCount = 0, hitCount = 5, missCount = 1, failureCount = 0]
2025-06-10T20:18:32.453+07:00 DEBUG 11148 --- [           main] org.springframework.test.context.cache   : Spring test ApplicationContext cache statistics: [DefaultContextCache@3c62bae5 size = 1, maxSize = 32, parentContextCount = 0, hitCount = 6, missCount = 1, failureCount = 0]
2025-06-10T20:18:32.458+07:00 DEBUG 11148 --- [           main] org.springframework.test.context.cache   : Spring test ApplicationContext cache statistics: [DefaultContextCache@3c62bae5 size = 1, maxSize = 32, parentContextCount = 0, hitCount = 7, missCount = 1, failureCount = 0]
2025-06-10T20:18:32.459+07:00 DEBUG 11148 --- [           main] org.springframework.test.context.cache   : Spring test ApplicationContext cache statistics: [DefaultContextCache@3c62bae5 size = 1, maxSize = 32, parentContextCount = 0, hitCount = 8, missCount = 1, failureCount = 0]
2025-06-10T20:18:32.460+07:00 DEBUG 11148 --- [           main] org.springframework.test.context.cache   : Spring test ApplicationContext cache statistics: [DefaultContextCache@3c62bae5 size = 1, maxSize = 32, parentContextCount = 0, hitCount = 9, missCount = 1, failureCount = 0]
2025-06-10T20:18:32.460+07:00 DEBUG 11148 --- [           main] org.springframework.test.context.cache   : Spring test ApplicationContext cache statistics: [DefaultContextCache@3c62bae5 size = 1, maxSize = 32, parentContextCount = 0, hitCount = 10, missCount = 1, failureCount = 0]
2025-06-10T20:18:32.461+07:00 DEBUG 11148 --- [           main] org.springframework.test.context.cache   : Spring test ApplicationContext cache statistics: [DefaultContextCache@3c62bae5 size = 1, maxSize = 32, parentContextCount = 0, hitCount = 11, missCount = 1, failureCount = 0]
2025-06-10T20:18:32.462+07:00 DEBUG 11148 --- [           main] org.springframework.test.context.cache   : Spring test ApplicationContext cache statistics: [DefaultContextCache@3c62bae5 size = 1, maxSize = 32, parentContextCount = 0, hitCount = 12, missCount = 1, failureCount = 0]
2025-06-10T20:18:32.464+07:00 DEBUG 11148 --- [           main] org.springframework.test.context.cache   : Spring test ApplicationContext cache statistics: [DefaultContextCache@3c62bae5 size = 1, maxSize = 32, parentContextCount = 0, hitCount = 13, missCount = 1, failureCount = 0]
2025-06-10T20:18:32.465+07:00 DEBUG 11148 --- [           main] org.springframework.test.context.cache   : Spring test ApplicationContext cache statistics: [DefaultContextCache@3c62bae5 size = 1, maxSize = 32, parentContextCount = 0, hitCount = 14, missCount = 1, failureCount = 0]
2025-06-10T20:18:32.465+07:00 DEBUG 11148 --- [           main] .c.s.DirtiesContextTestExecutionListener : After test method: class [DemoApplicationTests], method [contextLoads], class annotated with @DirtiesContext [false] with mode [null], method annotated with @DirtiesContext [false] with mode [null]
2025-06-10T20:18:32.465+07:00 DEBUG 11148 --- [           main] o.s.t.c.w.ServletTestExecutionListener   : Resetting RequestContextHolder for test class com.example.demo.DemoApplicationTests
]]></system-out>
  </testcase>
</testsuite>